Driver Status Infomation,CarNum,AccStep,BrkStep,WheelStep,DirLightStep,Speed,AreaNum
20160101000000,D0001,4,0,R3,R,20,C01
Driver Status Infomation,CarNum,AccStep,BrkStep,WheelStep,DirLightStep,Speed,AreaNum
20160101000000,H0002,0,0,R2,R,0,D03
Driver Status Infomation,CarNum,AccStep,BrkStep,WheelStep,DirLightStep,Speed,AreaNum
20160101000000,H0003,2,0,F,N,10,C06
Driver Status Infomation,CarNum,AccStep,BrkStep,WheelStep,DirLightStep,Speed,AreaNum
20160101000000,C0004,3,0,R3,N,20,E08
20160101000002,D0001,5,0,F,N,45,C02
20160101000002,H0002,1,0,F,N,5,D02
Driver Status Infomation,CarNum,AccStep,BrkStep,WheelStep,DirLightStep,Speed,AreaNum
20160101000000,B0005,1,0,L2,L,5,E08
Driver Status Infomation,CarNum,AccStep,BrkStep,WheelStep,DirLightStep,Speed,AreaNum
20160101000000,L0006,3,0,F,N,15,D05
20160101000002,H0003,0,3,F,N,0,C03
Driver Status Infomation,CarNum,AccStep,BrkStep,WheelStep,DirLightStep,Speed,AreaNum
20160101000000,F0007,3,0,R3,R,15,A01
20160101000002,C0004,0,2,F,N,10,E05
20160101000004,D0001,1,0,L2,L,50,C03
Driver Status Infomation,CarNum,AccStep,BrkStep,WheelStep,DirLightStep,Speed,AreaNum
20160101000000,T0008,1,0,F,N,1,A01
20160101000004,H0002,2,0,L1,L,15,D10
20160101000002,B0005,1,0,L2,L,10,E03
Driver Status Infomation,CarNum,AccStep,BrkStep,WheelStep,DirLightStep,Speed,AreaNum
20160101000000,D0009,1,0,F,N,5,B08
20160101000002,L0006,0,1,F,N,5,D01
20160101000004,H0003,3,0,F,N,15,C03
Driver Status Infomation,CarNum,AccStep,BrkStep,WheelStep,DirLightStep,Speed,AreaNum
20160101000000,K0010,0,1,F,N,0,E05
20160101000002,F0007,3,0,F,N,30,A09
20160101000004,C0004,4,0,R3,R,40,E03
20160101000006,D0001,3,0,F,N,65,C04
20160101000002,T0008,0,1,F,N,0,A07
20160101000006,H0002,4,0,F,N,10,D07
20160101000004,B0005,1,0,F,N,15,E05
20160101000002,D0009,3,0,R1,R,20,B02
20160101000004,L0006,5,0,F,N,30,D05
20160101000006,H0003,1,0,F,N,20,C08
20160101000002,K0010,2,0,F,N,10,E05
20160101000004,F0007,3,0,F,N,45,A01
20160101000006,C0004,3,0,L1,L,60,E09
20160101000008,D0001,0,2,F,N,45,C06
20160101000004,T0008,0,1,F,N,0,A10
20160101000008,H0002,3,0,L1,L,25,D08
20160101000006,B0005,1,0,F,N,6,E10
20160101000004,D0009,1,0,F,N,25,B04
20160101000006,L0006,1,0,L2,L,10,D08
20160101000008,H0003,0,0,F,N,20,C07
20160101000004,K0010,1,0,F,N,15,E08
20160101000006,F0007,3,0,F,N,60,A05
20160101000008,C0004,4,0,F,R,27,E02
20160101000010,D0001,2,0,F,N,55,C10
20160101000006,T0008,3,0,L1,L,15,A06
20160101000010,H0002,1,0,F,N,30,D07
20160101000008,B0005,1,0,F,N,11,E01
20160101000006,D0009,3,0,R3,R,12,B10
20160101000008,L0006,3,0,R1,R,25,D07
20160101000010,H0003,3,0,R1,R,35,C06
20160101000006,K0010,3,0,L1,L,30,E09
20160101000008,F0007,0,2,F,N,40,A08
20160101000010,C0004,0,1,F,L,22,E08
20160101000012,D0001,3,0,F,N,70,C03
20160101000008,T0008,4,0,F,N,35,A06
20160101000012,H0002,1,0,F,N,35,D02
20160101000010,B0005,1,0,F,N,16,E05
20160101000008,D0009,1,0,F,N,17,B07
20160101000010,L0006,1,0,F,N,30,D10
20160101000012,H0003,3,0,L1,L,50,C02
20160101000008,K0010,0,1,F,N,20,E06
20160101000010,F0007,1,0,F,N,45,A05
20160101000012,C0004,1,0,R2,N,27,E04
20160101000014,D0001,0,1,F,N,60,C09
20160101000010,T0008,3,0,F,N,50,A05
20160101000014,H0002,1,0,F,N,40,D03
20160101000012,B0005,0,1,F,N,0,E07
20160101000010,D0009,1,0,L3,L,22,B08
20160101000012,L0006,0,1,F,N,20,D07
20160101000014,H0003,4,0,R1,R,70,C01
20160101000010,K0010,0,1,F,N,10,E03
20160101000014,C0004,4,0,R3,L,57,E09
20160101000016,D0001,3,0,L3,L,75,C04
20160101000012,F0007,3,0,F,N,18,A02
20160101000012,T0008,1,0,F,N,55,A07
20160101000016,H0002,3,0,F,N,55,D05
20160101000014,B0005,3,0,R1,R,15,E06
20160101000012,D0009,3,0,F,N,37,B03
20160101000014,L0006,0,2,F,N,0,D09
20160101000016,H0003,0,1,F,N,60,C04
20160101000012,K0010,1,0,F,N,15,E08
20160101000016,C0004,0,0,L1,R,57,E05
20160101000018,D0001,3,0,F,N,90,C10
20160101000014,F0007,0,0,F,N,18,A02
20160101000014,T0008,3,0,F,N,70,A07
20160101000018,H0002,3,0,R1,R,70,D03
20160101000016,B0005,1,0,R3,R,20,E01
20160101000014,D0009,1,0,F,N,42,B05
20160101000016,L0006,3,0,R1,R,15,D06
20160101000018,H0003,1,0,F,N,65,C07
20160101000014,K0010,0,0,F,N,15,E05
20160101000018,C0004,3,0,F,N,77,E06
20160101000020,D0001,1,0,F,N,95,C02
20160101000016,F0007,3,0,F,N,9,A08
20160101000016,T0008,0,1,F,N,60,A04
20160101000020,H0002,0,0,F,N,70,D09
20160101000018,B0005,1,0,L1,L,25,E03
20160101000016,D0009,0,1,F,N,2,B01
20160101000018,L0006,0,1,F,N,5,D01
20160101000020,H0003,1,0,R1,R,70,C03
20160101000016,K0010,0,0,F,N,4,E08
20160101000020,C0004,3,0,F,L,97,E03
20160101000022,D0001,1,0,F,N,100,C10
20160101000018,F0007,0,1,F,N,0,A02
20160101000018,T0008,0,2,L3,L,40,A01
20160101000022,H0002,1,0,F,N,75,D05
20160101000020,B0005,1,0,F,N,30,E07
20160101000018,D0009,2,0,R3,R,12,B02
20160101000020,L0006,0,0,L3,L,5,D07
20160101000022,H0003,1,0,F,N,75,C10
20160101000018,K0010,0,3,F,N,0,E03
20160101000022,C0004,3,0,R1,L,117,E07
20160101000024,D0001,1,0,F,N,105,C02
20160101000020,T0008,0,2,F,N,20,A08
20160101000020,F0007,0,1,R2,R,0,A07
20160101000024,H0002,0,1,F,N,65,D03
20160101000022,B0005,0,2,L3,L,10,E07
20160101000020,D0009,3,0,F,N,27,B05
20160101000022,L0006,0,0,F,N,5,D03
20160101000024,H0003,1,0,F,N,24,C07
20160101000020,K0010,3,0,F,N,15,E09
20160101000024,C0004,4,0,F,N,147,E03
20160101000026,D0001,1,0,R2,R,110,C07
20160101000022,F0007,1,0,R3,R,5,A08
20160101000022,T0008,0,1,F,N,10,A02
20160101000026,H0002,3,0,F,N,80,D07
20160101000024,B0005,1,0,F,N,4,E09
20160101000022,D0009,1,0,F,N,32,B06
20160101000024,L0006,0,0,F,N,5,D07
20160101000026,H0003,0,1,F,N,14,C05
20160101000022,K0010,1,0,R3,R,20,E09
20160101000026,C0004,5,0,L2,L,187,E01
20160101000028,D0001,3,0,F,N,125,C08
20160101000024,F0007,3,0,F,N,20,A05
20160101000024,T0008,0,1,F,N,0,A06
20160101000028,H0002,0,1,R3,R,70,D10
20160101000026,B0005,3,0,F,N,19,E06
20160101000024,D0009,4,0,F,N,52,B08
20160101000026,L0006,0,1,F,N,0,D05
20160101000028,H0003,3,0,F,N,29,C10
20160101000024,K0010,1,0,F,N,25,E04
20160101000028,C0004,1,0,F,R,192,E04
20160101000030,D0001,0,1,F,N,115,C01
20160101000026,F0007,0,1,F,N,10,A02
20160101000026,T0008,0,2,L2,L,0,A03
20160101000030,H0002,2,0,L3,L,80,D10
20160101000028,B0005,1,0,R1,R,24,E04
20160101000026,D0009,0,1,F,N,42,B01
20160101000028,L0006,5,0,L2,L,25,D09
20160101000030,H0003,3,0,R1,R,44,C07
20160101000026,K0010,1,0,F,N,30,E06
20160101000030,C0004,1,0,L3,L,197,E09
20160101000032,D0001,0,3,L1,L,85,C10
20160101000028,F0007,0,1,F,N,0,A05
20160101000028,T0008,2,0,L3,L,10,A05
20160101000032,H0002,2,0,R3,R,27,D06
20160101000030,B0005,2,0,R1,R,34,E08
20160101000028,D0009,0,1,F,N,32,B03
20160101000030,L0006,0,1,F,N,0,D06
20160101000032,H0003,1,0,F,N,49,C06
20160101000028,K0010,1,0,F,N,35,E05
20160101000032,C0004,3,0,F,L,217,E03
20160101000034,D0001,1,0,F,N,27,C09
20160101000030,F0007,1,0,R2,R,5,A08
20160101000030,T0008,3,0,F,N,25,A08
20160101000034,H0002,2,0,F,N,37,D09
20160101000032,B0005,5,0,F,N,59,E06
20160101000030,D0009,0,1,F,N,22,B06
20160101000032,L0006,1,0,F,N,1,D08
20160101000034,H0003,0,1,R2,R,39,C06
20160101000030,K0010,1,0,F,N,40,E10
20160101000034,C0004,2,0,F,R,227,E03
20160101000036,D0001,0,0,F,N,27,C01
20160101000032,F0007,1,0,F,N,10,A01
20160101000032,T0008,5,0,R1,R,50,A06
20160101000036,H0002,0,1,F,N,27,D08
20160101000034,B0005,5,0,F,N,84,E04
20160101000032,D0009,3,0,L2,L,37,B08
20160101000034,L0006,1,0,F,N,6,D05
20160101000036,H0003,1,0,F,N,44,C07
20160101000032,K0010,1,0,F,N,45,E02
20160101000036,C0004,3,0,L1,N,247,E09
20160101000038,D0001,0,2,F,N,7,C01
20160101000034,F0007,1,0,F,N,15,A02
20160101000034,T0008,0,0,F,N,50,A05
20160101000038,H0002,1,0,F,N,32,D10
20160101000036,B0005,0,0,R3,R,84,E06
20160101000034,D0009,2,0,F,N,47,B09
20160101000036,L0006,3,0,L3,L,21,D06
20160101000038,H0003,1,0,F,N,49,C06
20160101000034,K0010,1,0,F,N,50,E02
20160101000038,C0004,2,0,L3,N,250,E06
20160101000040,D0001,2,0,L1,L,17,C05
20160101000036,F0007,0,1,L3,L,5,A07
20160101000036,T0008,3,0,F,N,65,A02
20160101000040,H0002,1,0,F,N,37,D03
20160101000038,B0005,0,2,F,N,64,E07
20160101000036,D0009,2,0,F,N,57,B01
20160101000038,L0006,5,0,F,N,46,D02
20160101000040,H0003,1,0,F,N,54,C05
20160101000036,K0010,1,0,F,N,55,E06
20160101000040,C0004,3,0,L1,L,250,E05
20160101000042,D0001,3,0,F,N,32,C07
20160101000038,F0007,0,1,L2,L,0,A01
20160101000038,T0008,3,0,F,N,80,A10
20160101000042,H0002,0,3,F,N,0,D03
20160101000040,B0005,0,1,F,N,54,E02
20160101000038,D0009,1,0,R2,R,62,B02
20160101000040,L0006,0,0,F,N,46,D01
20160101000042,H0003,1,0,F,N,59,C02
20160101000038,K0010,1,0,F,N,60,E04
20160101000042,C0004,3,0,F,N,250,E08
20160101000044,D0001,1,0,F,N,37,C01
20160101000040,F0007,5,0,R3,R,25,A05
20160101000040,T0008,0,1,F,N,70,A05
20160101000044,H0002,0,3,R3,R,0,D06
20160101000042,B0005,4,0,F,N,74,E08
20160101000040,D0009,3,0,F,N,77,B08
20160101000042,L0006,2,0,R1,R,56,D05
20160101000044,H0003,1,0,F,N,64,C01
20160101000040,K0010,1,0,F,N,65,E08
20160101000044,C0004,5,0,F,L,250,E10
20160101000046,D0001,0,1,R3,R,27,C08
20160101000042,T0008,0,2,R1,R,50,A02
20160101000046,H0002,1,0,F,N,5,D09
20160101000042,F0007,0,1,F,N,15,A03
20160101000044,B0005,0,2,F,N,54,E09
20160101000042,D0009,1,0,R2,R,82,B08
20160101000044,L0006,3,0,F,N,71,D08
20160101000046,H0003,1,0,F,N,69,C03
20160101000042,K0010,0,2,R1,R,45,E05
20160101000046,C0004,2,0,L3,N,250,E09
20160101000048,D0001,1,0,R1,R,32,C03
20160101000044,T0008,1,0,R1,R,55,A04
20160101000048,H0002,0,1,L2,L,0,D08
20160101000044,F0007,5,0,F,N,12,A10
20160101000046,B0005,0,1,F,N,44,E02
20160101000044,D0009,3,0,F,N,97,B08
20160101000046,L0006,0,0,F,N,71,D07
20160101000048,H0003,2,0,F,N,79,C08
20160101000044,K0010,3,0,F,N,60,E03
20160101000048,C0004,4,0,R3,N,250,E01
20160101000050,D0001,0,0,F,N,32,C01
20160101000046,T0008,3,0,F,N,70,A08
20160101000046,F0007,3,0,R2,R,27,A07
20160101000050,H0002,5,0,R1,R,25,D02
20160101000048,B0005,1,0,F,N,49,E07
20160101000046,D0009,0,1,L3,L,87,B09
20160101000048,L0006,2,0,F,N,81,D04
20160101000050,H0003,3,0,F,N,94,C09
20160101000046,K0010,4,0,L3,L,80,E01
20160101000050,C0004,3,0,R1,N,250,E09
20160101000052,D0001,4,0,R3,R,52,C08
20160101000048,T0008,1,0,L1,L,75,A01
20160101000048,F0007,5,0,F,N,52,A08
20160101000052,H0002,5,0,R2,R,50,D01
20160101000050,B0005,1,0,F,N,54,E07
20160101000048,D0009,0,1,F,N,16,B06
20160101000050,L0006,1,0,F,N,86,D03
20160101000052,H0003,1,0,R3,R,99,C02
20160101000048,K0010,2,0,L2,L,90,E04
20160101000052,C0004,1,0,L1,N,250,E02
20160101000054,D0001,2,0,F,N,62,C01
20160101000050,T0008,3,0,F,N,90,A09
20160101000050,F0007,0,1,F,N,42,A09
20160101000054,H0002,4,0,F,N,70,D05
20160101000052,B0005,3,0,F,N,69,E01
20160101000050,D0009,0,2,R1,R,0,B02
20160101000052,L0006,1,0,F,N,91,D09
20160101000054,H0003,0,0,F,N,99,C04
20160101000050,K0010,1,0,R2,R,95,E01
20160101000054,C0004,5,0,L2,N,250,E10
20160101000056,D0001,0,2,F,N,42,C08
20160101000052,T0008,0,2,F,N,70,A03
20160101000052,F0007,3,0,F,N,57,A03
20160101000056,H0002,2,0,F,N,80,D07
20160101000054,B0005,1,0,F,N,74,E10
20160101000052,D0009,1,0,R3,R,5,B08
20160101000054,L0006,0,3,F,N,61,D09
20160101000056,H0003,3,0,F,N,114,C10
20160101000052,K0010,5,0,F,N,36,E06
20160101000058,D0001,3,0,L2,L,57,C08
20160101000056,C0004,1,0,R3,N,250,E02
20160101000058,H0002,1,0,F,N,25,D05
20160101000054,F0007,1,0,F,N,18,A06
20160101000054,T0008,0,1,F,N,60,A04
20160101000056,B0005,3,0,F,N,89,E01
20160101000054,D0009,0,1,R1,R,0,B01
20160101000056,L0006,1,0,L1,L,66,D08
20160101000058,H0003,5,0,F,N,41,C01
20160101000054,K0010,5,0,R3,R,61,E09
20160101000100,D0001,1,0,F,N,18,C09
20160101000058,C0004,0,2,L1,L,240,E03
20160101000056,F0007,3,0,F,N,33,A01
20160101000100,H0002,0,1,L3,L,15,D08
20160101000056,T0008,2,0,F,N,70,A10
20160101000058,B0005,1,0,F,N,94,E03
20160101000056,D0009,0,0,F,N,0,B09
20160101000058,L0006,3,0,R2,R,81,D03
20160101000100,H0003,3,0,R1,R,56,C06
20160101000056,K0010,0,0,F,N,61,E02
20160101000100,C0004,4,0,F,R,250,E07
20160101000102,D0001,1,0,F,N,23,C10
20160101000102,H0002,1,0,L1,L,20,D09
20160101000058,F0007,0,0,F,N,33,A01
20160101000100,B0005,3,0,F,N,109,E02
20160101000058,T0008,2,0,R3,R,24,A03
20160101000058,D0009,3,0,F,N,15,B07
20160101000100,L0006,2,0,F,N,91,D07
20160101000102,H0003,0,0,F,N,56,C07
20160101000058,K0010,0,1,F,N,51,E06
20160101000102,C0004,5,0,F,N,250,E06
20160101000104,D0001,1,0,F,N,28,C10
20160101000100,F0007,0,2,F,N,13,A05
20160101000102,B0005,4,0,F,N,129,E02
20160101000100,T0008,1,0,F,N,29,A04
20160101000104,H0002,0,0,F,N,20,D09
20160101000100,D0009,3,0,F,N,30,B02
20160101000102,L0006,1,0,F,N,96,D06
20160101000104,H0003,3,0,F,N,71,C01
20160101000100,K0010,0,0,R2,R,51,E06
20160101000106,D0001,0,1,F,N,18,C03
20160101000104,C0004,4,0,F,N,250,E06
20160101000104,B0005,0,1,F,N,119,E07
20160101000102,T0008,3,0,F,N,44,A03
20160101000106,H0002,0,0,F,N,20,D10
20160101000102,F0007,1,0,R3,R,18,A10
20160101000102,D0009,1,0,F,N,35,B06
20160101000104,L0006,1,0,F,N,101,D07
20160101000106,H0003,2,0,F,N,81,C04
20160101000102,K0010,0,2,L1,L,31,E07
20160101000106,C0004,3,0,R2,N,250,E10
20160101000108,D0001,0,2,F,N,0,C03
20160101000104,T0008,3,0,L2,L,59,A09
20160101000108,H0002,0,1,F,N,10,D10
20160101000104,F0007,2,0,F,N,28,A06
20160101000106,B0005,1,0,R3,R,124,E06
20160101000104,D0009,1,0,F,N,12,B01
20160101000106,L0006,3,0,F,N,116,D04
20160101000108,H0003,1,0,F,N,86,C05
20160101000104,K0010,1,0,F,N,10,E03
20160101000110,D0001,0,0,R2,R,0,C07
20160101000108,C0004,3,0,F,R,75,E09
20160101000106,T0008,2,0,F,N,69,A08
20160101000106,F0007,1,0,R2,R,33,A09
20160101000108,B0005,0,1,F,N,27,E10
20160101000110,H0002,0,0,F,N,10,D04
20160101000106,D0009,0,0,L2,L,12,B07
20160101000108,L0006,0,1,R2,R,106,D06
20160101000110,H0003,4,0,F,N,106,C04
20160101000106,K0010,3,0,F,N,25,E10
20160101000112,D0001,0,1,F,N,0,C03
20160101000110,C0004,5,0,L1,R,115,E05
20160101000108,T0008,0,1,F,N,59,A10
20160101000108,F0007,3,0,F,N,48,A04
20160101000110,B0005,1,0,F,N,32,E05
20160101000112,H0002,2,0,F,N,20,D09
20160101000108,D0009,2,0,F,N,22,B06
20160101000110,L0006,1,0,F,N,111,D03
20160101000112,H0003,1,0,F,N,111,C10
20160101000108,K0010,3,0,F,N,40,E02
20160101000114,D0001,1,0,R2,R,5,C10
20160101000112,C0004,5,0,L3,L,155,E04
20160101000110,T0008,0,3,F,N,29,A04
20160101000110,F0007,5,0,L3,L,73,A04
20160101000112,B0005,1,0,F,N,11,E04
20160101000114,H0002,2,0,F,N,30,D05
20160101000110,D0009,3,0,F,N,37,B10
20160101000112,L0006,1,0,F,N,116,D03
20160101000114,H0003,3,0,R2,R,126,C02
20160101000110,K0010,1,0,F,N,45,E04
20160101000116,D0001,3,0,F,N,20,C07
20160101000114,C0004,0,2,F,L,145,E10
20160101000112,T0008,3,0,F,N,44,A09
20160101000112,F0007,0,1,F,N,63,A10
20160101000114,B0005,1,0,F,N,16,E04
20160101000116,H0002,3,0,F,N,45,D01
20160101000112,D0009,1,0,F,N,12,B09
20160101000114,L0006,3,0,F,N,131,D08
20160101000116,H0003,1,0,F,N,131,C09
20160101000112,K0010,1,0,R2,R,50,E06
20160101000118,D0001,1,0,F,N,25,C09
20160101000116,C0004,4,0,L3,N,175,E01
20160101000114,T0008,2,0,F,N,54,A07
20160101000114,F0007,0,2,F,N,43,A07
20160101000116,B0005,5,0,F,N,41,E09
20160101000118,H0002,3,0,F,N,60,D07
20160101000114,D0009,1,0,R2,R,17,B01
20160101000116,L0006,3,0,F,N,43,D05
20160101000118,H0003,1,0,F,N,136,C02
20160101000114,K0010,3,0,F,N,65,E09
20160101000120,D0001,3,0,F,N,40,C02
20160101000118,C0004,4,0,R1,N,205,E10
20160101000116,T0008,1,0,F,N,59,A08
20160101000116,F0007,1,0,F,N,48,A04
20160101000120,H0002,4,0,F,N,80,D02
20160101000116,D0009,0,1,L1,L,7,B01
20160101000118,L0006,3,0,L1,L,58,D05
20160101000120,H0003,0,1,L2,L,126,C10
20160101000116,K0010,1,0,F,N,21,E03
20160101000118,B0005,4,0,F,N,61,E03
20160101000122,D0001,5,0,R3,R,19,C05
20160101000120,C0004,2,0,L3,L,215,E03
20160101000118,T0008,2,0,L3,L,69,A10
20160101000118,F0007,4,0,F,N,68,A10
20160101000122,H0002,0,0,F,N,80,D09
20160101000118,D0009,1,0,L2,L,12,B01
20160101000120,L0006,0,0,L2,L,58,D05
20160101000122,H0003,3,0,R1,R,141,C10
20160101000118,K0010,0,1,R2,R,11,E06
20160101000120,B0005,3,0,F,N,76,E03
20160101000122,C0004,1,0,F,N,220,E10
20160101000124,D0001,3,0,F,N,34,C10
20160101000120,T0008,3,0,F,N,84,A04
20160101000120,F0007,3,0,F,N,83,A04
20160101000124,H0002,2,0,L1,L,90,D02
20160101000120,D0009,0,1,F,N,2,B02
20160101000122,L0006,0,1,F,N,48,D09
20160101000124,H0003,1,0,F,N,146,C01
20160101000120,K0010,1,0,L3,L,16,E05
20160101000122,B0005,3,0,F,N,91,E01
20160101000124,C0004,0,2,F,N,210,E08
20160101000126,D0001,3,0,F,N,49,C02
20160101000122,T0008,0,1,F,N,74,A01
20160101000122,F0007,3,0,L2,L,98,A07
20160101000126,H0002,3,0,F,N,105,D05
20160101000122,D0009,3,0,F,N,17,B06
20160101000124,L0006,3,0,F,N,63,D02
20160101000126,H0003,3,0,F,N,161,C06
20160101000122,K0010,0,1,F,N,6,E10
20160101000124,B0005,1,0,F,N,96,E08
20160101000126,C0004,1,0,L1,N,215,E01
20160101000128,D0001,0,0,F,N,49,C03
20160101000124,T0008,3,0,F,N,89,A01
20160101000124,F0007,2,0,F,N,108,A05
20160101000128,H0002,3,0,L3,L,120,D08
20160101000124,D0009,0,0,F,N,17,B05
20160101000126,L0006,3,0,F,N,78,D09
20160101000128,H0003,0,1,F,N,38,C02
20160101000124,K0010,1,0,F,N,11,E01
20160101000126,B0005,3,0,F,N,111,E07
20160101000130,D0001,0,0,L2,L,49,C02
20160101000128,C0004,3,0,R2,L,235,E06
20160101000130,H0002,3,0,F,N,40,D08
20160101000126,F0007,3,0,R1,R,123,A08
20160101000126,T0008,5,0,R3,R,34,A04
20160101000126,D0009,1,0,F,N,22,B07
20160101000128,L0006,3,0,F,N,93,D02
20160101000130,H0003,0,1,F,N,28,C10
20160101000126,K0010,1,0,R3,R,4,E03
20160101000128,B0005,3,0,L2,L,126,E09
20160101000132,D0001,5,0,R2,R,74,C03
20160101000130,C0004,3,0,R1,L,75,E03
20160101000132,H0002,3,0,F,N,55,D01
20160101000128,F0007,5,0,F,N,148,A06
20160101000128,T0008,1,0,F,N,11,A05
20160101000128,D0009,3,0,F,N,37,B05
20160101000130,L0006,2,0,F,N,103,D04
20160101000132,H0003,4,0,L2,L,14,C06
20160101000128,K0010,1,0,L1,L,9,E02
20160101000130,B0005,0,3,F,N,96,E07
20160101000134,D0001,3,0,F,N,89,C03
20160101000132,C0004,1,0,R3,N,80,E04
20160101000130,T0008,2,0,F,N,21,A07
20160101000130,F0007,3,0,F,N,163,A04
20160101000134,H0002,0,1,F,N,45,D08
20160101000130,D0009,1,0,F,N,42,B09
20160101000132,L0006,2,0,F,N,113,D06
20160101000134,H0003,0,0,F,N,4,C03
20160101000130,K0010,3,0,F,N,7,E05
20160101000132,B0005,0,0,R2,R,96,E04
20160101000134,C0004,3,0,R2,N,30,E07
20160101000136,D0001,0,2,R2,R,69,C10
20160101000132,F0007,3,0,L3,L,178,A10
20160101000136,H0002,0,2,F,N,25,D05
20160101000132,T0008,0,0,F,N,21,A03
20160101000132,D0009,1,0,F,N,47,B07
20160101000134,L0006,2,0,F,N,36,D03
20160101000136,H0003,1,0,R2,R,9,C06
20160101000132,K0010,1,0,F,N,12,E09
20160101000134,B0005,1,0,F,N,101,E09
20160101000136,C0004,1,0,L1,N,35,E04
20160101000138,D0001,3,0,F,N,84,C04
20160101000138,H0002,3,0,F,N,40,D07
20160101000134,T0008,1,0,F,N,26,A07
20160101000134,F0007,1,0,F,N,183,A10
20160101000134,D0009,0,0,F,N,47,B04
20160101000136,L0006,2,0,F,N,46,D09
20160101000138,H0003,0,0,F,N,9,C04
20160101000134,K0010,1,0,F,N,17,E05
20160101000136,B0005,1,0,R2,R,31,E09
20160101000140,D0001,2,0,F,N,28,C07
20160101000138,C0004,4,0,R1,L,65,E03
20160101000136,T0008,3,0,F,N,41,A05
20160101000136,F0007,3,0,F,N,59,A03
20160101000140,H0002,1,0,F,N,45,D07
20160101000136,D0009,1,0,F,N,52,B01
20160101000138,L0006,1,0,L3,L,51,D06
20160101000140,H0003,0,2,R3,R,0,C05
20160101000136,K0010,0,0,F,N,17,E09
20160101000138,B0005,0,1,F,N,21,E05
20160101000142,D0001,1,0,L3,L,33,C10
20160101000140,C0004,4,0,L1,L,28,E08
20160101000138,T0008,1,0,L3,L,46,A05
20160101000138,F0007,0,1,F,N,49,A02
20160101000138,D0009,1,0,F,N,57,B07
20160101000142,H0002,1,0,F,N,50,D04
20160101000140,L0006,3,0,F,N,66,D06
20160101000142,H0003,1,0,L2,L,5,C09
20160101000138,K0010,3,0,R2,R,32,E06
20160101000140,B0005,3,0,F,N,36,E09
20160101000144,D0001,3,0,F,N,48,C06
20160101000142,C0004,2,0,F,N,38,E09
20160101000140,T0008,0,2,F,N,26,A08
20160101000140,F0007,0,0,L2,L,49,A07
20160101000140,D0009,1,0,F,N,62,B07
20160101000144,H0002,0,0,F,N,15,D07
20160101000142,L0006,0,1,L2,L,56,D07
20160101000144,H0003,1,0,F,N,10,C01
20160101000140,K0010,3,0,R3,R,47,E02
20160101000142,B0005,5,0,L3,L,61,E02
20160101000146,D0001,1,0,F,N,53,C02
20160101000144,C0004,0,2,R3,N,28,E02
20160101000142,T0008,1,0,L1,L,9,A02
20160101000142,F0007,3,0,F,N,64,A03
20160101000142,D0009,3,0,F,N,77,B03
20160101000146,H0002,2,0,L1,L,25,D09
20160101000144,L0006,0,3,F,N,26,D06
20160101000146,H0003,3,0,F,N,7,C03
20160101000142,K0010,1,0,L3,L,52,E05
20160101000144,B0005,1,0,L1,L,66,E02
20160101000146,C0004,4,0,F,R,58,E01
20160101000148,D0001,3,0,F,N,68,C08
20160101000144,F0007,0,1,F,N,9,A09
20160101000144,T0008,5,0,F,N,34,A08
20160101000148,H0002,0,1,F,N,15,D04
20160101000144,D0009,0,1,F,N,67,B07
20160101000146,L0006,0,0,F,N,26,D02
20160101000148,H0003,1,0,F,N,12,C09
20160101000144,K0010,3,0,F,N,67,E10
20160101000146,B0005,2,0,F,N,76,E06
20160101000150,D0001,3,0,L1,L,83,C06
20160101000148,C0004,1,0,L3,L,18,E03
20160101000146,T0008,2,0,R1,R,44,A10
20160101000146,F0007,0,1,F,N,0,A09
20160101000150,H0002,1,0,L2,L,20,D05
20160101000146,D0009,1,0,F,N,72,B01
20160101000148,L0006,0,2,F,N,6,D02
20160101000150,H0003,2,0,F,N,22,C02
20160101000146,K0010,1,0,F,N,72,E07
20160101000148,B0005,2,0,F,N,86,E02
20160101000152,D0001,3,0,F,N,98,C08
20160101000150,C0004,3,0,L3,N,11,E02
20160101000148,T0008,0,0,F,N,44,A10
20160101000148,F0007,1,0,F,N,5,A10
20160101000152,H0002,3,0,F,N,35,D01
20160101000148,D0009,0,1,F,N,62,B02
20160101000150,L0006,0,2,F,N,0,D05
20160101000152,H0003,1,0,F,N,27,C08
20160101000148,K0010,3,0,L1,L,87,E02
20160101000150,B0005,0,1,F,N,15,E04
20160101000154,D0001,1,0,F,N,103,C05
20160101000152,C0004,4,0,F,N,41,E09
20160101000150,F0007,1,0,R2,R,3,A08
20160101000150,T0008,1,0,F,N,49,A04
20160101000150,D0009,0,0,L3,L,62,B10
20160101000154,H0002,0,0,F,N,35,D05
20160101000152,L0006,0,0,F,N,0,D02
20160101000154,H0003,0,1,F,N,17,C03
20160101000150,K0010,1,0,F,N,92,E03
20160101000152,B0005,0,1,R3,R,0,E04
20160101000154,C0004,3,0,F,L,61,E07
20160101000156,D0001,3,0,F,N,118,C06
20160101000152,T0008,3,0,F,N,64,A06
20160101000152,F0007,0,1,F,N,0,A08
20160101000156,H0002,0,1,F,N,25,D02
20160101000152,D0009,1,0,F,N,20,B05
20160101000154,L0006,0,1,F,N,0,D06
20160101000156,H0003,1,0,F,N,22,C04
20160101000152,K0010,1,0,F,N,97,E06
20160101000154,B0005,0,1,L2,L,0,E03
20160101000158,D0001,2,0,F,N,128,C08
20160101000156,C0004,3,0,R3,N,81,E03
20160101000154,F0007,1,0,F,N,5,A05
20160101000154,T0008,3,0,L3,L,79,A07
20160101000158,H0002,1,0,F,N,30,D06
20160101000154,D0009,0,1,F,N,0,B08
20160101000156,L0006,0,1,F,N,0,D08
20160101000158,H0003,0,1,F,N,12,C06
20160101000154,K0010,1,0,F,N,30,E02
20160101000156,B0005,0,1,R2,R,0,E09
20160101000158,C0004,4,0,R2,N,111,E02
20160101000200,D0001,0,0,R1,R,128,C07
20160101000156,F0007,5,0,F,N,30,A06
20160101000156,T0008,0,1,F,N,69,A04
20160101000200,H0002,0,2,R1,R,0,D05
20160101000156,D0009,3,0,F,N,15,B01
20160101000158,L0006,5,0,F,N,25,D10
20160101000200,H0003,0,1,L3,L,2,C06
20160101000156,K0010,1,0,F,N,35,E02
20160101000158,B0005,3,0,R2,R,15,E08
20160101000202,D0001,0,2,F,N,108,C07
20160101000200,C0004,2,0,R2,N,36,E06
20160101000158,T0008,5,0,F,N,28,A06
20160101000158,F0007,0,1,F,N,20,A06
20160101000202,H0002,0,2,F,N,0,D01
20160101000158,D0009,0,2,F,N,0,B05
20160101000200,L0006,0,0,R2,R,25,D07
20160101000202,H0003,4,0,F,N,22,C09
20160101000158,K0010,1,0,F,N,40,E09
20160101000200,B0005,0,3,F,N,0,E02
20160101000202,C0004,3,0,F,R,16,E07
20160101000204,D0001,0,2,F,N,88,C10
20160101000200,T0008,2,0,L3,L,38,A05
20160101000200,F0007,2,0,F,N,30,A03
20160101000204,H0002,1,0,F,N,5,D09
20160101000200,D0009,5,0,R1,R,25,B07
20160101000202,L0006,1,0,F,N,30,D07
20160101000204,H0003,5,0,L2,L,47,C01
20160101000200,K0010,0,1,F,N,30,E05
20160101000202,B0005,3,0,F,N,15,E04
20160101000206,D0001,1,0,R2,R,93,C06
20160101000204,C0004,0,2,R3,N,6,E10
20160101000202,F0007,1,0,F,N,10,A08
20160101000202,T0008,0,2,R2,R,18,A05
20160101000206,H0002,5,0,F,N,30,D02
20160101000202,D0009,4,0,F,N,45,B09
20160101000204,L0006,0,2,F,N,0,D10
20160101000206,H0003,1,0,R3,R,52,C01
20160101000202,K0010,0,2,F,N,10,E09
20160101000204,B0005,0,1,R1,R,5,E07
20160101000208,D0001,3,0,R1,R,108,C08
20160101000206,C0004,4,0,R2,R,36,E09
20160101000204,F0007,1,0,R1,R,15,A10
20160101000204,T0008,0,0,F,N,18,A01
20160101000208,H0002,1,0,L3,L,35,D05
20160101000204,D0009,3,0,F,N,60,B10
20160101000206,L0006,2,0,F,N,10,D04
20160101000208,H0003,0,1,F,N,42,C07
20160101000204,K0010,3,0,L2,L,25,E03
20160101000206,B0005,1,0,F,N,10,E10
20160101000210,D0001,1,0,F,N,113,C01
20160101000208,C0004,5,0,F,R,76,E04
20160101000206,F0007,3,0,L1,L,30,A06
20160101000206,T0008,0,0,F,N,18,A09
20160101000210,H0002,1,0,F,N,40,D04
20160101000206,D0009,3,0,F,N,75,B02
20160101000210,H0003,3,0,F,N,57,C07
20160101000208,L0006,1,0,L3,L,15,D03
20160101000206,K0010,3,0,F,N,40,E07
20160101000208,B0005,3,0,R3,R,25,E05
20160101000212,D0001,3,0,L2,L,128,C07
20160101000210,C0004,4,0,F,N,106,E09
20160101000208,F0007,5,0,R2,R,55,A05
20160101000208,T0008,3,0,F,N,33,A04
20160101000212,H0002,1,0,L1,L,45,D09
20160101000208,D0009,3,0,R3,R,90,B02
20160101000212,H0003,0,2,F,N,37,C04
20160101000210,L0006,3,0,L2,L,30,D02
20160101000208,K0010,0,1,F,N,30,E02
20160101000210,B0005,0,0,R2,R,25,E04
20160101000214,D0001,3,0,F,N,42,C09
20160101000212,C0004,3,0,L1,N,126,E07
20160101000210,F0007,3,0,F,N,70,A10
20160101000210,T0008,1,0,F,N,38,A08
20160101000214,H0002,5,0,F,N,70,D02
20160101000210,D0009,1,0,F,N,95,B04
20160101000214,H0003,1,0,F,N,42,C06
20160101000212,L0006,1,0,F,N,35,D02
20160101000210,K0010,1,0,F,N,10,E03
20160101000212,B0005,1,0,F,N,30,E09
20160101000216,D0001,1,0,F,N,47,C06
20160101000214,C0004,3,0,L1,N,146,E10
20160101000212,F0007,2,0,L2,L,24,A08
20160101000212,T0008,0,1,F,N,28,A06
20160101000216,H0002,1,0,F,N,75,D07
20160101000212,D0009,1,0,F,N,100,B09
20160101000214,L0006,0,1,F,N,25,D09
20160101000216,H0003,1,0,F,N,47,C02
20160101000212,K0010,2,0,L1,L,20,E07
20160101000214,B0005,3,0,F,N,45,E10
20160101000218,D0001,1,0,R2,R,52,C10
20160101000216,C0004,3,0,R1,N,166,E09
20160101000214,F0007,0,1,F,N,14,A07
20160101000214,T0008,1,0,F,N,33,A07
20160101000218,H0002,1,0,F,N,80,D09
20160101000214,D0009,0,1,R2,R,90,B02
20160101000218,H0003,3,0,F,N,62,C03
20160101000216,L0006,1,0,L2,L,30,D07
20160101000214,K0010,1,0,F,N,25,E09
20160101000216,B0005,2,0,R3,R,55,E05
20160101000220,D0001,3,0,F,N,67,C01
20160101000218,C0004,4,0,F,N,58,E04
20160101000216,F0007,1,0,F,N,19,A04
20160101000216,T0008,1,0,F,N,38,A05
20160101000216,D0009,3,0,F,N,105,B09
20160101000220,H0002,1,0,F,N,85,D01
20160101000218,L0006,0,3,R3,R,0,D09
20160101000220,H0003,0,1,F,N,52,C04
20160101000216,K0010,1,0,R3,R,30,E04
20160101000218,B0005,1,0,F,N,18,E05
20160101000222,D0001,1,0,F,N,72,C02
20160101000220,C0004,5,0,L3,R,98,E07
20160101000218,T0008,3,0,L2,L,53,A03
20160101000218,F0007,1,0,F,N,24,A02
20160101000222,H0002,3,0,L3,L,100,D06
20160101000218,D0009,3,0,R2,R,120,B09
20160101000220,L0006,1,0,L1,L,5,D01
20160101000222,H0003,1,0,L3,L,17,C10
20160101000218,K0010,5,0,F,N,55,E06
20160101000220,B0005,0,1,F,N,0,E08
20160101000224,D0001,0,2,R2,R,52,C10
20160101000222,C0004,3,0,L3,N,118,E06
20160101000220,T0008,3,0,F,N,68,A03
20160101000220,F0007,0,0,R1,R,24,A10
20160101000224,H0002,0,2,F,N,80,D01
20160101000220,D0009,5,0,F,N,145,B01
20160101000224,H0003,1,0,R3,R,22,C03
20160101000222,L0006,5,0,F,N,30,D02
20160101000220,K0010,1,0,F,N,60,E05
20160101000222,B0005,5,0,L3,L,25,E03
20160101000226,D0001,0,1,F,N,42,C03
20160101000224,C0004,5,0,F,N,158,E10
20160101000222,T0008,1,0,F,N,73,A09
20160101000222,F0007,0,0,F,N,24,A06
20160101000222,D0009,3,0,F,N,160,B02
20160101000226,H0002,4,0,F,N,100,D07
20160101000224,L0006,1,0,L3,L,35,D02
20160101000226,H0003,1,0,L1,L,27,C10
20160101000222,K0010,0,0,F,N,60,E01
20160101000224,B0005,0,2,F,N,5,E10
20160101000228,D0001,1,0,F,N,14,C07
20160101000226,C0004,3,0,F,N,178,E10
20160101000224,T0008,0,3,F,N,43,A02
20160101000224,F0007,2,0,F,N,34,A02
20160101000224,D0009,2,0,F,N,170,B09
20160101000228,H0002,4,0,F,N,120,D10
20160101000228,H0003,1,0,L1,L,32,C10
20160101000226,L0006,1,0,F,N,40,D03
20160101000224,K0010,2,0,F,N,21,E01
20160101000226,B0005,3,0,F,N,20,E04
20160101000230,D0001,0,1,L1,L,4,C10
20160101000228,C0004,4,0,R3,L,208,E08
20160101000226,F0007,1,0,F,N,39,A06
20160101000226,T0008,3,0,F,N,58,A07
20160101000230,H0002,3,0,F,N,135,D08
20160101000226,D0009,0,1,F,N,160,B09
20160101000228,L0006,1,0,L3,L,45,D03
20160101000230,H0003,1,0,R2,R,37,C04
20160101000226,K0010,0,1,F,N,11,E05
20160101000228,B0005,3,0,F,N,10,E02
20160101000232,D0001,2,0,L2,L,14,C07
20160101000230,C0004,2,0,F,N,218,E03
20160101000228,T0008,1,0,F,N,63,A08
20160101000228,F0007,1,0,R2,R,44,A03
20160101000228,D0009,2,0,F,N,170,B02
20160101000232,H0002,2,0,F,N,145,D06
20160101000230,L0006,3,0,F,N,60,D02
20160101000232,H0003,0,1,L3,L,27,C09
20160101000228,K0010,0,0,F,N,11,E08
20160101000230,B0005,3,0,L2,L,25,E08
20160101000234,D0001,3,0,F,N,29,C07
20160101000232,C0004,1,0,R1,R,223,E03
20160101000230,T0008,2,0,F,N,73,A07
20160101000230,F0007,1,0,F,N,49,A09
20160101000230,D0009,1,0,F,N,175,B10
20160101000234,H0002,1,0,F,N,150,D06
20160101000232,L0006,1,0,F,N,65,D04
20160101000234,H0003,2,0,F,N,37,C02
20160101000230,K0010,1,0,R2,R,16,E06
20160101000232,B0005,3,0,R3,R,40,E02
20160101000236,D0001,1,0,R1,R,34,C08
20160101000234,C0004,5,0,R1,L,250,E04
20160101000232,F0007,0,1,F,N,39,A08
20160101000232,T0008,0,1,F,N,63,A02
20160101000236,H0002,3,0,F,N,165,D01
20160101000232,D0009,2,0,R1,R,185,B01
20160101000236,H0003,0,1,F,N,27,C02
20160101000234,L0006,3,0,F,N,24,D08
20160101000232,K0010,1,0,L2,L,21,E01
20160101000234,B0005,2,0,F,N,50,E08
20160101000238,D0001,1,0,R3,R,39,C09
20160101000236,C0004,4,0,L2,N,250,E05
20160101000234,T0008,0,0,F,N,63,A09
20160101000234,F0007,3,0,R1,R,54,A07
20160101000234,D0009,0,1,L2,L,175,B03
20160101000238,H0002,5,0,F,N,190,D08
20160101000236,L0006,3,0,R2,R,39,D07
20160101000238,H0003,3,0,R2,R,42,C05
20160101000234,K0010,2,0,F,N,31,E08
20160101000236,B0005,0,0,F,N,50,E10
20160101000240,D0001,0,1,F,N,1,C05
20160101000238,C0004,3,0,F,R,250,E06
20160101000236,T0008,1,0,L2,L,68,A10
20160101000236,F0007,1,0,R1,R,17,A07
20160101000240,H0002,5,0,F,N,215,D01
20160101000236,D0009,3,0,L1,L,190,B03
20160101000240,H0003,0,0,F,N,42,C02
20160101000238,L0006,0,2,F,N,19,D07
20160101000236,K0010,1,0,F,N,36,E04
20160101000238,B0005,1,0,F,N,55,E07
20160101000242,D0001,0,0,F,N,1,C08
20160101000240,C0004,5,0,R3,N,75,E10
20160101000238,F0007,3,0,F,N,32,A06
20160101000238,T0008,1,0,F,N,73,A10
20160101000238,D0009,1,0,R3,R,195,B05
20160101000242,H0002,1,0,F,N,220,D04
20160101000240,L0006,1,0,F,N,24,D07
20160101000242,H0003,0,0,F,N,42,C10
20160101000238,K0010,0,1,F,N,26,E01
20160101000240,B0005,2,0,F,N,19,E01
20160101000244,D0001,2,0,R3,R,11,C04
20160101000242,C0004,2,0,L3,L,85,E07
20160101000240,F0007,3,0,R3,R,14,A01
20160101000240,T0008,5,0,F,N,98,A07
20160101000244,H0002,0,1,F,N,210,D03
20160101000240,D0009,0,0,R1,R,195,B02
20160101000242,L0006,0,1,F,N,14,D07
20160101000244,H0003,1,0,F,N,14,C07
20160101000240,K0010,2,0,R1,R,36,E06
20160101000242,B0005,0,2,R2,R,0,E02
20160101000246,D0001,1,0,L2,L,16,C08
20160101000244,C0004,4,0,L3,N,115,E05
20160101000242,F0007,0,1,F,N,0,A09
20160101000242,T0008,1,0,L2,L,30,A07
20160101000242,D0009,3,0,F,N,210,B04
20160101000246,H0002,0,1,F,N,200,D07
20160101000246,H0003,1,0,L3,L,19,C08
20160101000244,L0006,3,0,F,N,29,D05
20160101000242,K0010,1,0,F,N,41,E09
20160101000244,B0005,2,0,F,N,10,E05
20160101000248,D0001,1,0,F,N,21,C01
20160101000246,C0004,4,0,R2,L,145,E07
20160101000244,T0008,2,0,F,N,12,A06
20160101000244,F0007,3,0,L3,L,15,A05
20160101000248,H0002,1,0,F,N,205,D06
20160101000244,D0009,1,0,F,N,215,B08
20160101000248,H0003,1,0,F,N,24,C03
20160101000246,L0006,0,1,F,N,19,D03
20160101000244,K0010,4,0,F,N,61,E06
20160101000246,B0005,2,0,F,N,6,E05
20160101000250,D0001,0,2,F,N,0,C02
20160101000248,C0004,5,0,F,N,55,E05
20160101000246,F0007,1,0,F,N,20,A03
20160101000246,T0008,0,2,L3,L,0,A02
20160101000250,H0002,1,0,F,N,210,D06
20160101000246,D0009,2,0,F,N,225,B06
20160101000248,L0006,4,0,F,N,39,D06
20160101000250,H0003,3,0,F,N,39,C02
20160101000246,K0010,3,0,F,N,76,E06
20160101000248,B0005,1,0,L3,L,11,E08
20160101000252,D0001,5,0,F,N,25,C01
20160101000250,C0004,1,0,F,R,18,E04
20160101000248,T0008,3,0,L1,L,15,A02
20160101000248,F0007,0,2,R3,R,0,A10
20160101000252,H0002,0,2,F,N,190,D10
20160101000248,D0009,2,0,F,N,235,B03
20160101000250,L0006,1,0,F,N,44,D03
20160101000252,H0003,3,0,F,N,54,C02
20160101000248,K0010,0,0,L3,L,76,E05
20160101000250,B0005,4,0,F,N,31,E05
20160101000254,D0001,0,1,F,N,15,C02
20160101000252,C0004,0,2,F,N,8,E03
20160101000250,T0008,0,1,F,N,5,A04
20160101000250,F0007,0,1,L2,L,0,A07
20160101000254,H0002,3,0,L1,L,205,D03
20160101000250,D0009,0,1,F,N,225,B06
20160101000252,L0006,5,0,R3,R,69,D03
20160101000254,H0003,1,0,F,N,59,C03
20160101000250,K0010,0,1,F,N,66,E08
20160101000252,B0005,0,1,F,N,21,E01
20160101000256,D0001,3,0,F,N,30,C07
20160101000254,C0004,5,0,F,L,48,E08
20160101000252,T0008,0,0,F,N,5,A02
20160101000252,F0007,2,0,F,N,10,A10
20160101000256,H0002,0,2,F,N,185,D01
20160101000252,D0009,3,0,R3,R,240,B09
20160101000256,H0003,3,0,F,N,74,C02
20160101000254,L0006,3,0,F,N,84,D07
20160101000252,K0010,3,0,R2,R,81,E06
20160101000254,B0005,2,0,L2,L,31,E10
20160101000258,D0001,2,0,L3,L,40,C05
20160101000256,C0004,3,0,L1,N,68,E08
20160101000254,F0007,1,0,F,N,15,A02
20160101000254,T0008,2,0,F,N,15,A09
20160101000254,D0009,3,0,F,N,250,B06
20160101000258,H0002,4,0,F,N,205,D08
20160101000258,H0003,3,0,F,N,89,C05
20160101000256,L0006,0,1,F,N,74,D10
20160101000254,K0010,1,0,F,N,86,E06
20160101000256,B0005,1,0,L2,L,36,E02
20160101000300,D0001,2,0,F,N,50,C10
20160101000258,C0004,4,0,R2,L,98,E07
20160101000256,F0007,3,0,L2,L,30,A01
20160101000256,T0008,1,0,R2,R,20,A09
20160101000256,D0009,1,0,F,N,250,B08
20160101000300,H0002,3,0,R3,R,220,D06
20160101000300,H0003,1,0,F,N,94,C02
20160101000258,L0006,1,0,F,N,79,D09
20160101000256,K0010,0,0,F,N,86,E02
20160101000258,B0005,0,0,F,N,36,E09
20160101000302,D0001,0,2,F,N,30,C07
20160101000300,C0004,3,0,F,N,118,E03
20160101000258,F0007,0,2,R2,R,10,A05
20160101000258,T0008,0,0,L2,L,20,A02
20160101000258,D0009,2,0,F,N,250,B07
20160101000302,H0002,0,1,L2,L,56,D08
20160101000302,H0003,0,0,F,N,94,C04
20160101000300,L0006,1,0,F,N,84,D01
20160101000258,K0010,0,2,F,N,66,E04
20160101000300,B0005,3,0,F,N,51,E07
20160101000304,D0001,2,0,F,N,12,C10
20160101000302,C0004,4,0,L1,L,148,E09
20160101000300,T0008,1,0,R3,R,25,A07
20160101000300,F0007,1,0,R2,R,4,A02
20160101000300,D0009,2,0,F,N,75,B09
20160101000304,H0002,3,0,F,N,21,D07
20160101000304,H0003,3,0,F,N,109,C01
20160101000302,L0006,3,0,L3,L,99,D04
20160101000300,K0010,3,0,R2,R,81,E03
20160101000302,B0005,0,2,F,N,31,E10
20160101000306,D0001,1,0,R1,R,17,C05
20160101000304,C0004,1,0,L3,N,153,E02
20160101000302,T0008,3,0,L3,L,40,A01
20160101000302,F0007,5,0,L1,L,29,A05
20160101000306,H0002,0,2,F,N,1,D09
20160101000302,D0009,3,0,L1,L,90,B08
20160101000306,H0003,0,1,F,N,99,C06
20160101000304,L0006,3,0,F,N,34,D07
20160101000302,K0010,0,1,F,N,14,E10
20160101000304,B0005,4,0,F,N,51,E08
20160101000308,D0001,0,1,F,N,7,C01
20160101000306,C0004,0,0,F,N,153,E08
20160101000304,F0007,0,0,F,N,29,A09
20160101000304,T0008,1,0,R2,R,45,A02
20160101000304,D0009,2,0,F,N,100,B08
20160101000308,H0002,3,0,F,N,16,D03
20160101000308,H0003,1,0,F,N,104,C04
20160101000306,L0006,3,0,F,N,49,D07
20160101000304,K0010,2,0,F,N,24,E10
20160101000306,B0005,1,0,L2,L,56,E06
20160101000310,D0001,3,0,F,N,22,C01
20160101000308,C0004,4,0,F,N,183,E01
20160101000306,T0008,1,0,F,N,50,A07
20160101000306,F0007,0,1,F,N,19,A10
20160101000310,H0002,4,0,F,N,36,D06
20160101000306,D0009,3,0,R3,R,115,B04
20160101000310,H0003,3,0,F,N,119,C10
20160101000308,L0006,1,0,F,N,54,D05
20160101000306,K0010,3,0,F,N,39,E10
20160101000308,B0005,1,0,F,N,61,E10
20160101000312,D0001,1,0,R2,R,8,C07
20160101000310,C0004,5,0,L3,N,223,E02
20160101000308,F0007,1,0,F,N,24,A03
20160101000308,T0008,3,0,F,N,65,A01
20160101000308,D0009,3,0,L2,L,130,B06
20160101000312,H0002,1,0,F,N,41,D05
20160101000312,H0003,5,0,F,N,144,C05
20160101000310,L0006,1,0,F,N,59,D07
20160101000308,K0010,1,0,F,N,44,E09
20160101000310,B0005,0,0,F,N,61,E06
20160101000314,D0001,1,0,F,N,13,C01
20160101000312,C0004,1,0,R3,N,228,E06
20160101000310,T0008,2,0,F,N,75,A08
20160101000310,F0007,3,0,F,N,39,A01
20160101000310,D0009,0,2,F,N,110,B06
20160101000314,H0002,0,2,F,N,21,D03
20160101000314,H0003,0,3,R1,R,114,C08
20160101000312,L0006,0,0,F,N,59,D04
20160101000310,K0010,5,0,F,N,20,E09
20160101000312,B0005,2,0,F,N,71,E07
20160101000316,D0001,3,0,F,N,8,C03
20160101000314,C0004,4,0,R3,L,250,E09
20160101000312,T0008,1,0,F,N,80,A01
20160101000312,F0007,3,0,L1,L,54,A06
20160101000312,D0009,2,0,F,N,120,B02
20160101000316,H0002,0,1,F,N,11,D01
20160101000316,H0003,0,1,F,N,104,C05
20160101000314,L0006,2,0,F,N,69,D06
20160101000312,K0010,5,0,F,N,45,E03
20160101000314,B0005,4,0,R2,R,91,E02
20160101000318,D0001,0,0,R1,R,8,C06
20160101000316,C0004,5,0,R3,N,250,E03
20160101000314,F0007,0,1,R1,R,44,A05
20160101000314,T0008,0,1,F,N,70,A02
20160101000318,H0002,3,0,L1,L,26,D08
20160101000314,D0009,3,0,L3,L,135,B01
20160101000318,H0003,0,2,F,N,84,C04
20160101000316,L0006,5,0,F,N,94,D04
20160101000314,K0010,0,2,L2,L,25,E01
20160101000316,B0005,2,0,F,N,101,E10
20160101000320,D0001,2,0,F,N,18,C06
20160101000318,C0004,4,0,F,N,250,E04
20160101000316,T0008,5,0,R2,R,95,A08
20160101000316,F0007,4,0,F,N,64,A06
20160101000316,D0009,1,0,F,N,42,B04
20160101000320,H0002,0,1,F,N,16,D10
20160101000320,H0003,2,0,F,N,94,C03
20160101000318,L0006,3,0,L1,L,32,D07
20160101000316,K0010,2,0,F,N,35,E01
20160101000318,B0005,1,0,R1,R,106,E05
20160101000322,D0001,1,0,F,N,23,C03
20160101000320,C0004,4,0,R3,N,250,E01
20160101000318,F0007,3,0,F,N,79,A06
20160101000318,T0008,0,0,F,N,95,A03
20160101000322,H0002,0,1,F,N,6,D07
20160101000318,D0009,1,0,L2,L,47,B05
20160101000322,H0003,4,0,L3,L,114,C04
20160101000320,L0006,2,0,F,N,42,D01
20160101000318,K0010,3,0,F,N,50,E05
20160101000320,B0005,1,0,F,N,111,E10
20160101000324,D0001,0,1,F,N,13,C06
20160101000322,C0004,2,0,F,R,250,E03
20160101000320,F0007,1,0,L3,L,84,A02
20160101000320,T0008,3,0,F,N,110,A03
20160101000324,H0002,5,0,F,N,31,D05
20160101000320,D0009,0,1,F,N,37,B01
20160101000324,H0003,3,0,F,N,129,C10
20160101000322,L0006,1,0,F,N,47,D08
20160101000320,K0010,1,0,R1,R,55,E08
20160101000322,B0005,1,0,F,N,116,E02
20160101000326,D0001,5,0,F,N,38,C04
20160101000324,C0004,3,0,F,N,250,E04
20160101000322,F0007,4,0,F,N,104,A01
20160101000322,T0008,4,0,L1,L,130,A05
20160101000326,H0002,1,0,F,N,10,D01
20160101000322,D0009,0,1,F,N,27,B07
20160101000326,H0003,2,0,F,N,139,C03
20160101000324,L0006,4,0,F,N,20,D04
20160101000322,K0010,1,0,F,N,60,E09
20160101000324,B0005,0,0,F,N,34,E03
20160101000328,D0001,3,0,F,N,53,C08
20160101000326,C0004,4,0,R1,L,250,E04
20160101000324,T0008,1,0,F,N,135,A05
20160101000324,F0007,0,1,F,N,94,A09
20160101000324,D0009,0,1,F,N,17,B01
20160101000328,H0002,3,0,L2,L,25,D06
20160101000328,H0003,3,0,R2,R,154,C01
20160101000326,L0006,3,0,F,N,35,D08
20160101000324,K0010,0,1,F,N,50,E02
20160101000326,B0005,3,0,F,N,49,E02
20160101000330,D0001,5,0,F,N,78,C10
20160101000328,C0004,4,0,R1,N,250,E06
20160101000326,T0008,3,0,F,N,150,A08
20160101000326,F0007,1,0,F,N,99,A07
20160101000330,H0002,1,0,F,N,30,D01
20160101000326,D0009,2,0,F,N,27,B09
20160101000330,H0003,3,0,F,N,169,C10
20160101000328,L0006,0,3,F,N,5,D02
20160101000326,K0010,3,0,R2,R,65,E06
20160101000328,B0005,1,0,F,N,54,E04
20160101000332,D0001,0,1,F,N,68,C08
20160101000330,C0004,3,0,F,N,250,E01
20160101000328,F0007,2,0,L3,L,109,A04
20160101000328,T0008,3,0,F,N,165,A05
20160101000328,D0009,1,0,L3,L,32,B01
20160101000332,H0002,3,0,F,N,45,D01
20160101000332,H0003,1,0,F,N,174,C06
20160101000330,L0006,1,0,F,N,3,D03
20160101000328,K0010,0,2,L1,L,45,E02
20160101000330,B0005,0,2,F,N,34,E05
20160101000334,D0001,3,0,F,N,83,C05
20160101000332,C0004,3,0,L3,R,250,E02
20160101000330,T0008,1,0,R1,R,170,A03
20160101000330,F0007,3,0,L1,L,124,A06
20160101000334,H0002,0,2,F,N,25,D07
20160101000330,D0009,3,0,F,N,47,B04
20160101000332,L0006,4,0,F,N,23,D10
20160101000334,H0003,5,0,L1,L,199,C07
20160101000330,K0010,1,0,F,N,50,E09
20160101000332,B0005,1,0,F,N,39,E10
20160101000336,D0001,0,2,L1,L,63,C06
20160101000334,C0004,4,0,L1,L,250,E10
20160101000332,T0008,2,0,R3,R,180,A03
20160101000332,F0007,0,0,F,N,124,A07
20160101000336,H0002,1,0,R2,R,30,D07
20160101000332,D0009,2,0,R1,R,57,B07
20160101000334,L0006,3,0,F,N,38,D01
20160101000336,H0003,2,0,L3,L,209,C04
20160101000332,K0010,4,0,L2,L,70,E10
20160101000334,B0005,0,0,F,N,39,E09
20160101000338,D0001,2,0,F,N,73,C03
20160101000336,C0004,4,0,L1,N,250,E04
20160101000334,F0007,3,0,F,N,139,A09
20160101000334,T0008,1,0,F,N,185,A05
20160101000334,D0009,0,2,F,N,37,B08
20160101000338,H0002,5,0,F,N,16,D04
20160101000336,L0006,5,0,F,N,63,D08
20160101000338,H0003,0,1,F,N,199,C06
20160101000334,K0010,0,1,F,N,60,E09
20160101000336,B0005,0,0,F,N,11,E03
20160101000340,D0001,5,0,F,N,98,C09
20160101000338,C0004,3,0,F,N,250,E02
20160101000336,T0008,4,0,F,N,205,A05
20160101000336,F0007,1,0,F,N,43,A05
20160101000340,H0002,0,1,F,N,6,D07
20160101000336,D0009,0,2,F,N,17,B04
20160101000338,L0006,2,0,L2,L,73,D02
20160101000340,H0003,3,0,F,N,214,C05
20160101000336,K0010,1,0,F,N,65,E03
20160101000338,B0005,1,0,R1,R,16,E10
20160101000342,D0001,0,1,F,N,88,C09
20160101000340,C0004,5,0,F,N,250,E02
20160101000338,T0008,0,2,L2,L,185,A05
20160101000338,F0007,0,1,R3,R,33,A06
20160101000342,H0002,0,1,F,N,0,D09
20160101000338,D0009,2,0,F,N,27,B04
20160101000342,H0003,3,0,F,N,229,C03
20160101000340,L0006,0,2,F,N,53,D05
20160101000338,K0010,0,2,L2,L,0,E06
20160101000340,B0005,2,0,F,N,26,E08
20160101000344,D0001,0,1,F,N,78,C06
20160101000342,C0004,3,0,L1,R,250,E10
20160101000340,F0007,3,0,F,N,48,A09
20160101000340,T0008,0,1,L3,L,175,A10
20160101000344,H0002,5,0,R1,R,25,D06
20160101000340,D0009,0,2,F,N,0,B02
20160101000344,H0003,1,0,L2,L,234,C08
20160101000342,L0006,4,0,F,N,73,D08
20160101000340,K0010,0,2,F,N,0,E06
20160101000342,B0005,0,2,L1,L,6,E03
20160101000346,D0001,0,1,F,N,68,C04
20160101000344,C0004,3,0,F,N,250,E09
20160101000342,T0008,1,0,F,N,180,A10
20160101000342,F0007,1,0,R2,R,53,A08
20160101000342,D0009,3,0,F,N,15,B01
20160101000346,H0002,3,0,R2,R,40,D08
20160101000344,L0006,1,0,F,N,78,D06
20160101000346,H0003,1,0,F,N,239,C09
20160101000342,K0010,4,0,F,N,20,E07
20160101000344,B0005,0,2,F,N,0,E06
20160101000348,D0001,0,1,L2,L,10,C02
20160101000346,C0004,3,0,F,R,250,E07
20160101000344,F0007,5,0,F,N,78,A02
20160101000344,T0008,0,0,F,N,180,A03
20160101000348,H0002,3,0,F,N,55,D06
20160101000344,D0009,5,0,R1,R,40,B10
20160101000348,H0003,0,2,F,N,219,C02
20160101000346,L0006,0,1,L1,L,68,D07
20160101000344,K0010,5,0,F,N,45,E05
20160101000346,B0005,1,0,F,N,5,E05
20160101000350,D0001,5,0,F,N,35,C07
20160101000348,C0004,3,0,L2,N,250,E08
20160101000346,T0008,0,1,F,N,170,A02
20160101000346,F0007,0,1,F,N,68,A08
20160101000350,H0002,1,0,R2,R,60,D09
20160101000346,D0009,0,1,F,N,30,B09
20160101000350,H0003,3,0,F,N,234,C01
20160101000348,L0006,4,0,L1,L,88,D03
20160101000346,K0010,2,0,R3,R,55,E09
20160101000348,B0005,0,1,F,N,0,E01
20160101000352,D0001,3,0,R3,R,50,C06
20160101000350,C0004,3,0,L3,R,75,E07
20160101000348,F0007,3,0,F,N,83,A04
20160101000348,T0008,3,0,F,N,185,A03
20160101000348,D0009,0,1,F,N,20,B10
20160101000352,H0002,1,0,F,N,65,D04
20160101000350,L0006,1,0,F,N,93,D05
20160101000352,H0003,0,0,L3,L,234,C02
20160101000348,K0010,3,0,R2,R,70,E02
20160101000350,B0005,3,0,F,N,15,E10
20160101000354,D0001,5,0,L1,L,75,C10
20160101000352,C0004,1,0,L2,N,80,E06
20160101000350,T0008,0,1,F,N,175,A05
20160101000350,F0007,3,0,F,N,98,A02
20160101000350,D0009,0,1,F,N,10,B03
20160101000354,H0002,3,0,L1,L,80,D08
20160101000354,H0003,0,0,F,N,234,C10
20160101000352,L0006,0,1,F,N,83,D04
20160101000350,K0010,1,0,F,N,75,E09
20160101000352,B0005,0,1,R1,R,5,E09
20160101000356,D0001,1,0,F,N,80,C09
20160101000354,C0004,5,0,F,N,120,E08
20160101000352,T0008,2,0,R2,R,185,A04
20160101000352,F0007,2,0,F,N,108,A08
20160101000352,D0009,4,0,F,N,9,B05
20160101000356,H0002,3,0,F,N,95,D08
20160101000356,H0003,0,2,R2,R,214,C01
20160101000354,L0006,0,0,R3,R,83,D03
20160101000352,K0010,5,0,L1,L,100,E02
20160101000354,B0005,3,0,F,N,20,E03
20160101000358,D0001,2,0,L3,L,90,C07
20160101000356,C0004,1,0,F,R,125,E05
20160101000354,F0007,1,0,R3,R,113,A02
20160101000354,T0008,3,0,F,N,200,A03
20160101000358,H0002,5,0,F,N,120,D01
20160101000354,D0009,1,0,F,N,4,B07
20160101000356,L0006,3,0,L1,L,98,D01
20160101000358,H0003,0,0,L3,L,214,C04
20160101000354,K0010,1,0,F,N,31,E08
20160101000356,B0005,3,0,F,N,35,E09
20160101000400,D0001,1,0,F,N,95,C02
20160101000358,C0004,3,0,F,N,145,E06
20160101000356,T0008,1,0,F,N,205,A03
20160101000356,F0007,0,0,R1,R,113,A01
20160101000356,D0009,0,2,F,N,0,B07
20160101000400,H0002,3,0,F,N,135,D03
20160101000400,H0003,0,2,F,N,194,C10
20160101000358,L0006,0,1,F,N,88,D10
20160101000356,K0010,2,0,F,N,41,E07
20160101000358,B0005,0,1,F,N,25,E01
20160101000402,D0001,1,0,L3,L,100,C09
20160101000400,C0004,0,1,R3,R,140,E04
20160101000358,T0008,1,0,F,N,210,A05
20160101000358,F0007,2,0,L2,L,36,A04
20160101000358,D0009,0,3,F,N,0,B10
20160101000402,H0002,1,0,F,N,140,D09
20160101000402,H0003,5,0,L2,L,219,C07
20160101000400,L0006,1,0,F,N,93,D07
20160101000358,K0010,0,0,F,N,41,E03
20160101000400,B0005,1,0,R1,R,30,E01
20160101000404,D0001,0,1,R3,R,90,C05
20160101000402,C0004,5,0,L3,R,180,E01
20160101000400,F0007,3,0,F,N,51,A09
20160101000400,T0008,2,0,F,N,220,A08
20160101000404,H0002,1,0,F,N,145,D03
20160101000400,D0009,3,0,F,N,15,B10
20160101000404,H0003,1,0,L3,L,224,C06
20160101000402,L0006,1,0,F,N,98,D07
20160101000400,K0010,3,0,R2,R,56,E09
20160101000402,B0005,3,0,R1,R,45,E03
20160101000406,D0001,2,0,F,N,30,C02
20160101000404,C0004,3,0,R2,R,200,E05
20160101000402,F0007,2,0,R1,R,61,A10
20160101000402,T0008,4,0,F,N,240,A04
20160101000406,H0002,2,0,F,N,155,D10
20160101000402,D0009,1,0,R1,R,20,B04
20160101000406,H0003,0,2,F,N,47,C06
20160101000404,L0006,3,0,F,N,113,D02
20160101000402,K0010,3,0,F,N,71,E03
20160101000404,B0005,0,1,F,N,35,E08
20160101000408,D0001,1,0,F,N,35,C06
20160101000406,C0004,4,0,F,L,230,E04
20160101000404,T0008,2,0,F,N,250,A02
20160101000404,F0007,2,0,F,N,71,A06
20160101000404,D0009,3,0,F,N,35,B02
20160101000408,H0002,1,0,R1,R,48,D06
20160101000406,L0006,3,0,F,N,128,D01
20160101000408,H0003,3,0,R3,R,62,C01
20160101000404,K0010,0,0,F,N,71,E04
20160101000406,B0005,3,0,L1,L,50,E01
20160101000410,D0001,1,0,F,N,40,C02
20160101000408,C0004,3,0,L3,N,250,E09
20160101000406,F0007,3,0,F,N,86,A09
20160101000406,T0008,1,0,L1,L,250,A09
20160101000406,D0009,1,0,F,N,40,B02
20160101000410,H0002,5,0,L1,L,73,D06
20160101000408,L0006,2,0,L2,L,41,D03
20160101000410,H0003,5,0,R3,R,26,C05
20160101000406,K0010,1,0,F,N,76,E01
20160101000408,B0005,0,1,L3,L,40,E07
20160101000412,D0001,0,3,L3,L,10,C04
20160101000410,C0004,3,0,L2,R,250,E08
20160101000408,F0007,0,1,F,N,76,A07
20160101000408,T0008,0,0,F,N,250,A06
20160101000408,D0009,1,0,R2,R,13,B06
20160101000412,H0002,4,0,F,N,93,D01
20160101000412,H0003,1,0,F,N,31,C01
20160101000410,L0006,1,0,R3,R,46,D01
20160101000408,K0010,1,0,F,N,81,E08
20160101000410,B0005,0,0,R2,R,40,E06
20160101000414,D0001,0,1,R1,R,0,C01
20160101000412,C0004,2,0,F,N,250,E01
20160101000410,T0008,2,0,F,N,250,A01
20160101000410,F0007,1,0,F,N,81,A10
20160101000414,H0002,0,1,F,N,83,D01
20160101000410,D0009,1,0,F,N,18,B03
20160101000412,L0006,2,0,F,N,56,D07
20160101000414,H0003,1,0,L2,L,36,C07
20160101000410,K0010,1,0,F,N,86,E06
20160101000412,B0005,2,0,L2,L,50,E09
20160101000416,D0001,3,0,F,N,15,C05
20160101000414,C0004,3,0,L3,L,250,E06
20160101000412,T0008,0,0,F,N,250,A09
20160101000412,F0007,4,0,F,N,101,A07
20160101000416,H0002,0,1,F,N,73,D05
20160101000412,D0009,1,0,F,N,23,B06
20160101000414,L0006,4,0,F,N,76,D08
20160101000416,H0003,3,0,F,N,51,C06
20160101000412,K0010,3,0,F,N,101,E04
20160101000414,B0005,0,2,F,N,30,E02
20160101000418,D0001,1,0,F,N,20,C06
20160101000416,C0004,3,0,R3,N,250,E05
20160101000414,T0008,3,0,F,N,250,A01
20160101000414,F0007,1,0,R3,R,106,A09
20160101000418,H0002,4,0,R1,R,93,D08
20160101000414,D0009,0,0,F,N,6,B06
20160101000418,H0003,3,0,F,N,19,C09
20160101000416,L0006,0,1,F,N,66,D04
20160101000414,K0010,5,0,F,N,126,E07
20160101000416,B0005,1,0,F,N,35,E10
20160101000420,D0001,0,0,R1,R,20,C05
20160101000418,C0004,0,1,F,N,245,E04
20160101000416,F0007,3,0,F,N,121,A03
20160101000416,T0008,0,0,R3,R,250,A05
20160101000416,D0009,1,0,F,N,11,B08
20160101000420,H0002,0,1,F,N,83,D08
20160101000418,L0006,3,0,F,N,81,D02
20160101000420,H0003,4,0,L2,L,39,C02
20160101000416,K0010,0,1,F,N,116,E02
20160101000418,B0005,2,0,F,N,45,E05
20160101000422,D0001,1,0,R2,R,25,C07
20160101000420,C0004,5,0,F,R,250,E10
20160101000418,T0008,5,0,F,N,250,A03
20160101000418,F0007,0,0,R2,R,121,A06
20160101000422,H0002,2,0,R1,R,93,D04
20160101000418,D0009,3,0,R3,R,26,B05
20160101000422,H0003,3,0,R2,R,54,C08
20160101000420,L0006,0,1,L2,L,71,D03
20160101000418,K0010,0,2,F,N,14,E09
20160101000420,B0005,3,0,F,N,60,E08
20160101000424,D0001,0,0,F,N,25,C10
20160101000422,C0004,2,0,R3,R,250,E01
20160101000420,F0007,0,0,L2,L,121,A03
20160101000420,T0008,1,0,F,N,75,A10
20160101000420,D0009,3,0,L3,L,41,B02
20160101000424,H0002,1,0,F,N,98,D06
20160101000422,L0006,1,0,F,N,76,D06
20160101000424,H0003,3,0,F,N,69,C06
20160101000420,K0010,3,0,L1,L,8,E03
20160101000422,B0005,0,1,F,N,50,E09
20160101000426,D0001,1,0,F,N,30,C05
20160101000424,C0004,4,0,R1,N,250,E02
20160101000422,T0008,3,0,F,N,90,A06
20160101000422,F0007,5,0,F,N,146,A06
20160101000422,D0009,0,2,L1,L,21,B06
20160101000426,H0002,4,0,R1,R,118,D04
20160101000424,L0006,1,0,F,N,81,D06
20160101000426,H0003,1,0,F,N,74,C09
20160101000422,K0010,1,0,R2,R,13,E02
20160101000424,B0005,1,0,R1,R,55,E04
20160101000428,D0001,3,0,F,N,45,C01
20160101000426,C0004,2,0,L1,N,250,E08
20160101000424,F0007,1,0,R1,R,151,A01
20160101000424,T0008,2,0,F,N,100,A06
20160101000428,H0002,0,0,F,N,118,D10
20160101000424,D0009,5,0,L1,L,46,B08
20160101000428,H0003,3,0,R1,R,89,C01
20160101000426,L0006,3,0,R2,R,28,D10
20160101000424,K0010,0,0,F,N,13,E01
20160101000426,B0005,3,0,R1,R,70,E10
20160101000430,D0001,0,2,R3,R,25,C10
20160101000428,C0004,1,0,R3,L,250,E06
20160101000426,F0007,3,0,F,N,166,A06
20160101000426,T0008,0,1,L3,L,90,A02
20160101000426,D0009,1,0,F,N,51,B04
20160101000430,H0002,0,3,F,N,88,D06
20160101000430,H0003,0,1,F,N,79,C03
20160101000428,L0006,0,0,F,N,28,D04
20160101000426,K0010,1,0,F,N,18,E08
20160101000428,B0005,3,0,F,N,85,E07
20160101000432,D0001,1,0,F,N,30,C10
20160101000430,C0004,5,0,F,N,250,E03
20160101000428,T0008,1,0,F,N,95,A05
20160101000428,F0007,3,0,R2,R,181,A09
20160101000432,H0002,5,0,F,N,113,D07
20160101000428,D0009,0,1,F,N,41,B01
20160101000430,L0006,1,0,F,N,33,D09
20160101000432,H0003,2,0,F,N,89,C02
20160101000428,K0010,2,0,F,N,28,E10
20160101000430,B0005,2,0,R3,R,95,E08
20160101000434,D0001,0,2,F,N,10,C06
20160101000432,C0004,3,0,L1,R,75,E03
20160101000430,F0007,3,0,F,N,196,A02
20160101000430,T0008,3,0,F,N,110,A09
20160101000434,H0002,2,0,L2,L,123,D06
20160101000430,D0009,1,0,L1,L,13,B02
20160101000434,H0003,1,0,R2,R,94,C09
20160101000432,L0006,3,0,F,N,48,D06
20160101000430,K0010,0,2,R2,R,8,E04
20160101000432,B0005,1,0,F,N,100,E06
20160101000436,D0001,0,2,R1,R,0,C06
20160101000434,C0004,3,0,F,N,95,E08
20160101000432,T0008,0,1,R2,R,23,A07
20160101000432,F0007,5,0,R3,R,221,A09
20160101000436,H0002,0,0,F,N,123,D10
20160101000432,D0009,1,0,F,N,18,B02
20160101000436,H0003,1,0,F,N,99,C03
20160101000434,L0006,0,1,R1,R,38,D05
20160101000432,K0010,0,1,F,N,0,E06
20160101000434,B0005,0,0,R1,R,100,E01
20160101000438,D0001,2,0,F,N,10,C09
20160101000436,C0004,4,0,L3,L,125,E10
20160101000434,T0008,1,0,F,N,28,A01
20160101000434,F0007,2,0,L2,L,231,A03
20160101000438,H0002,0,2,F,N,103,D04
20160101000434,D0009,0,1,F,N,8,B07
20160101000438,H0003,2,0,F,N,109,C10
20160101000436,L0006,2,0,L1,L,48,D08
20160101000434,K0010,0,1,F,N,0,E09
20160101000436,B0005,3,0,F,N,115,E02
20160101000440,D0001,1,0,F,N,4,C09
20160101000438,C0004,0,2,L2,N,115,E01
20160101000436,F0007,2,0,R2,R,241,A07
20160101000436,T0008,1,0,F,N,33,A05
20160101000436,D0009,3,0,L1,L,23,B05
20160101000440,H0002,1,0,F,N,108,D03
20160101000438,L0006,0,1,R2,R,38,D10
20160101000440,H0003,2,0,F,N,119,C08
20160101000436,K0010,3,0,F,N,15,E10
20160101000438,B0005,3,0,F,N,130,E09
20160101000442,D0001,1,0,F,N,9,C03
20160101000440,C0004,0,3,F,N,95,E05
20160101000438,T0008,3,0,F,N,48,A04
20160101000438,F0007,2,0,L3,L,250,A07
20160101000442,H0002,1,0,F,N,33,D04
20160101000438,D0009,3,0,F,N,11,B07
20160101000442,H0003,2,0,F,N,129,C08
20160101000440,L0006,2,0,F,N,48,D07
20160101000438,K0010,0,1,L3,L,5,E02
20160101000440,B0005,2,0,F,N,140,E08
20160101000444,D0001,5,0,F,N,34,C10
20160101000442,C0004,5,0,L2,R,135,E08
20160101000440,F0007,3,0,F,N,250,A09
20160101000440,T0008,1,0,F,N,53,A02
20160101000440,D0009,1,0,F,N,16,B05
20160101000444,H0002,3,0,L3,L,48,D09
20160101000442,L0006,4,0,L2,L,68,D02
20160101000444,H0003,4,0,F,N,149,C04
20160101000440,K0010,5,0,F,N,30,E06
20160101000442,B0005,1,0,F,N,145,E09
20160101000446,D0001,1,0,F,N,39,C07
20160101000444,C0004,4,0,F,N,165,E06
20160101000442,F0007,0,2,F,N,230,A03
20160101000442,T0008,2,0,F,N,63,A01
20160101000446,H0002,1,0,F,N,53,D06
20160101000442,D0009,1,0,F,N,21,B10
20160101000446,H0003,1,0,L2,L,154,C07
20160101000444,L0006,4,0,L1,L,88,D10
20160101000442,K0010,0,2,F,N,10,E08
20160101000444,B0005,2,0,F,N,155,E06
20160101000448,D0001,3,0,L3,L,54,C08
20160101000446,C0004,3,0,F,N,185,E02
20160101000444,T0008,3,0,R2,R,78,A06
20160101000444,F0007,3,0,F,N,245,A08
20160101000444,D0009,1,0,F,N,26,B10
20160101000448,H0002,0,1,F,N,43,D02
20160101000446,L0006,1,0,F,N,27,D03
20160101000448,H0003,5,0,F,N,179,C01
20160101000444,K0010,1,0,F,N,15,E04
20160101000446,B0005,0,1,F,N,145,E10
20160101000450,D0001,1,0,R3,R,59,C10
20160101000448,C0004,5,0,F,L,225,E04
20160101000446,F0007,3,0,F,N,75,A02
20160101000446,T0008,5,0,F,N,103,A10
20160101000450,H0002,3,0,F,N,58,D07
20160101000446,D0009,1,0,L3,L,31,B04
20160101000450,H0003,2,0,F,N,189,C08
20160101000448,L0006,0,2,F,N,7,D10
20160101000446,K0010,3,0,R1,R,30,E06
20160101000448,B0005,3,0,F,N,48,E04
20160101000452,D0001,0,2,F,N,39,C04
20160101000450,C0004,4,0,L2,L,250,E06
20160101000448,T0008,0,0,F,N,30,A04
20160101000448,F0007,1,0,L3,L,24,A06
20160101000452,H0002,3,0,L3,L,21,D03
20160101000448,D0009,3,0,F,N,46,B01
20160101000450,L0006,0,3,L2,L,0,D06
20160101000452,H0003,3,0,R2,R,204,C01
20160101000448,K0010,1,0,R1,R,35,E07
20160101000450,B0005,0,1,R3,R,38,E01
20160101000454,D0001,1,0,F,N,13,C06
20160101000452,C0004,4,0,L2,R,250,E07
20160101000450,F0007,5,0,F,N,49,A08
20160101000450,T0008,2,0,F,N,12,A08
20160101000450,D0009,1,0,F,N,51,B08
20160101000454,H0002,1,0,F,N,26,D03
20160101000454,H0003,1,0,F,N,209,C06
20160101000452,L0006,1,0,F,N,5,D06
20160101000450,K0010,1,0,F,N,12,E03
20160101000452,B0005,1,0,F,N,43,E09
20160101000456,D0001,0,1,R2,R,0,C08
20160101000454,C0004,4,0,F,R,250,E04
20160101000452,T0008,3,0,F,N,27,A03
20160101000452,F0007,1,0,R1,R,54,A10
20160101000456,H0002,3,0,F,N,41,D02
20160101000452,D0009,0,2,F,N,31,B04
20160101000454,L0006,1,0,L2,L,10,D08
20160101000456,H0003,4,0,F,N,229,C03
20160101000452,K0010,1,0,F,N,17,E08
20160101000454,B0005,0,1,F,N,33,E07
20160101000458,D0001,2,0,F,N,10,C08
20160101000456,C0004,4,0,F,R,250,E01
20160101000454,T0008,3,0,F,N,42,A01
20160101000454,F0007,1,0,F,N,59,A02
20160101000458,H0002,0,1,F,N,31,D01
20160101000454,D0009,4,0,F,N,51,B05
20160101000456,L0006,3,0,F,N,25,D09
20160101000458,H0003,3,0,R2,R,244,C01
20160101000454,K0010,1,0,F,N,22,E07
20160101000456,B0005,3,0,R3,R,48,E05
20160101000500,D0001,0,0,R2,R,10,C08
20160101000458,C0004,3,0,R3,N,250,E06
20160101000456,F0007,1,0,F,N,19,A03
20160101000456,T0008,0,1,F,N,32,A04
20160101000456,D0009,0,1,L3,L,41,B06
20160101000500,H0002,0,1,R1,R,21,D05
20160101000500,H0003,1,0,F,N,249,C05
20160101000458,L0006,2,0,F,N,10,D09
20160101000456,K0010,0,0,F,N,22,E07
20160101000458,B0005,3,0,R2,R,63,E06
20160101000502,D0001,1,0,F,N,15,C06
20160101000500,C0004,3,0,R3,R,250,E02
20160101000458,T0008,3,0,F,N,47,A08
20160101000458,F0007,1,0,R2,R,24,A03
20160101000502,H0002,0,2,F,N,1,D02
20160101000458,D0009,0,2,L2,L,21,B03
20160101000502,H0003,1,0,R2,R,250,C01
20160101000500,L0006,1,0,L2,L,4,D06
20160101000458,K0010,1,0,R3,R,27,E07
20160101000500,B0005,5,0,F,N,26,E10
20160101000504,D0001,2,0,F,N,7,C07
20160101000502,C0004,1,0,R1,N,75,E04
20160101000500,F0007,0,0,F,N,24,A06
20160101000500,T0008,2,0,F,N,57,A08
20160101000504,H0002,0,1,L1,L,0,D01
20160101000500,D0009,1,0,L2,L,26,B04
20160101000504,H0003,1,0,R2,R,250,C01
20160101000502,L0006,3,0,F,N,19,D04
20160101000500,K0010,1,0,F,N,32,E02
20160101000502,B0005,0,1,F,N,16,E05
20160101000506,D0001,3,0,F,N,6,C09
20160101000504,C0004,5,0,L1,N,115,E03
20160101000502,F0007,2,0,L2,L,34,A01
20160101000502,T0008,2,0,F,N,67,A03
20160101000506,H0002,0,1,F,N,0,D03
20160101000502,D0009,1,0,F,N,31,B07
20160101000506,H0003,3,0,F,N,250,C09
20160101000504,L0006,2,0,L3,L,29,D09
20160101000502,K0010,4,0,F,N,52,E09
20160101000504,B0005,1,0,F,N,21,E03
20160101000508,D0001,1,0,L1,L,11,C08
20160101000506,C0004,1,0,F,L,36,E10
20160101000504,F0007,1,0,F,N,39,A09
20160101000504,T0008,4,0,L3,L,26,A09
20160101000508,H0002,0,2,F,N,0,D03
20160101000504,D0009,1,0,L3,L,10,B08
20160101000506,L0006,1,0,F,N,34,D09
20160101000508,H0003,3,0,F,N,250,C09
20160101000504,K0010,1,0,L2,L,57,E07
20160101000506,B0005,1,0,F,N,26,E01
20160101000510,D0001,3,0,F,N,26,C05
20160101000508,C0004,3,0,L1,N,16,E04
20160101000506,F0007,2,0,F,N,49,A03
20160101000506,T0008,3,0,F,N,41,A06
20160101000510,H0002,1,0,F,N,5,D04
20160101000506,D0009,1,0,R2,R,15,B07
20160101000508,L0006,3,0,F,N,49,D10
20160101000510,H0003,3,0,R3,R,250,C10
20160101000506,K0010,3,0,F,N,72,E02
20160101000508,B0005,0,0,F,N,26,E07
20160101000512,D0001,1,0,R1,R,31,C03
20160101000510,C0004,5,0,F,N,56,E01
20160101000508,T0008,0,2,L2,L,21,A04
20160101000508,F0007,0,2,F,N,29,A02
20160101000508,D0009,1,0,F,N,20,B08
20160101000512,H0002,0,1,F,N,0,D03
20160101000512,H0003,0,0,F,N,250,C07
20160101000510,L0006,1,0,L3,L,54,D01
20160101000508,K0010,4,0,F,N,92,E09
20160101000510,B0005,0,1,L3,L,16,E02
20160101000514,D0001,0,1,F,N,21,C03
20160101000512,C0004,4,0,L1,N,86,E03
20160101000510,T0008,0,1,F,N,11,A06
20160101000510,F0007,5,0,F,N,54,A08
20160101000514,H0002,0,0,L1,L,0,D02
20160101000510,D0009,0,2,L3,L,0,B02
20160101000512,L0006,1,0,F,N,59,D06
20160101000514,H0003,3,0,F,N,75,C02
20160101000510,K0010,0,1,F,N,82,E10
20160101000512,B0005,3,0,F,N,31,E05
20160101000516,D0001,0,1,F,N,11,C04
20160101000514,C0004,2,0,L2,L,96,E04
20160101000512,F0007,3,0,F,N,69,A02
20160101000512,T0008,1,0,F,N,4,A06
20160101000512,D0009,3,0,F,N,15,B08
20160101000516,H0002,0,2,F,N,0,D02
20160101000516,H0003,4,0,F,N,95,C04
20160101000514,L0006,1,0,F,N,64,D09
20160101000512,K0010,1,0,L1,L,87,E10
20160101000514,B0005,1,0,F,N,10,E01
20160101000518,D0001,0,3,F,N,0,C10
20160101000516,C0004,4,0,F,N,126,E08
20160101000514,F0007,3,0,L2,L,84,A05
20160101000514,T0008,0,3,L2,L,0,A01
20160101000514,D0009,0,0,F,N,15,B04
20160101000518,H0002,4,0,L1,L,20,D02
20160101000518,H0003,0,0,F,N,95,C01
20160101000516,L0006,1,0,F,N,69,D04
20160101000514,K0010,3,0,F,N,102,E02
20160101000516,B0005,1,0,F,N,15,E08
20160101000520,D0001,3,0,L1,L,15,C06
20160101000518,C0004,3,0,R2,N,146,E06
20160101000516,F0007,5,0,L1,L,109,A07
20160101000516,T0008,1,0,F,N,5,A04
20160101000516,D0009,1,0,F,N,20,B10
20160101000520,H0002,1,0,L2,L,25,D04
20160101000518,L0006,0,0,F,N,69,D04
20160101000520,H0003,3,0,F,N,110,C03
20160101000516,K0010,0,0,F,N,102,E02
20160101000518,B0005,1,0,F,N,20,E07
20160101000522,D0001,2,0,F,N,7,C04
20160101000520,C0004,4,0,F,L,176,E04
20160101000518,T0008,0,2,L1,L,0,A05
20160101000518,F0007,1,0,F,N,114,A02
20160101000522,H0002,0,0,F,N,25,D08
20160101000518,D0009,1,0,F,N,25,B08
20160101000522,H0003,1,0,F,N,115,C09
20160101000520,L0006,1,0,R2,R,74,D03
20160101000518,K0010,1,0,F,N,107,E03
20160101000520,B0005,1,0,F,N,25,E07
20160101000524,D0001,1,0,F,N,12,C06
20160101000522,C0004,3,0,L1,N,196,E09
20160101000520,T0008,1,0,F,N,1,A07
20160101000520,F0007,0,1,F,N,104,A02
20160101000524,H0002,1,0,L2,L,30,D02
20160101000520,D0009,2,0,F,N,35,B06
20160101000522,L0006,4,0,F,N,94,D10
20160101000524,H0003,0,1,F,N,105,C09
20160101000520,K0010,1,0,F,N,33,E04
20160101000522,B0005,1,0,L3,L,30,E06
20160101000526,D0001,1,0,F,N,17,C10
20160101000524,C0004,0,2,L2,N,48,E05
20160101000522,F0007,3,0,F,N,119,A08
20160101000522,T0008,1,0,F,N,6,A09
20160101000522,D0009,1,0,F,N,40,B04
20160101000526,H0002,5,0,L3,L,55,D05
20160101000526,H0003,2,0,F,N,115,C01
20160101000524,L0006,3,0,R1,R,32,D05
20160101000522,K0010,0,0,L1,L,33,E03
20160101000524,B0005,3,0,F,N,45,E07
20160101000528,D0001,2,0,F,N,27,C04
20160101000526,C0004,4,0,R2,N,78,E05
20160101000524,T0008,3,0,F,N,21,A04
20160101000524,F0007,5,0,F,N,144,A04
20160101000528,H0002,1,0,R3,R,60,D03
20160101000524,D0009,1,0,F,N,45,B10
20160101000526,L0006,0,1,F,N,22,D02
20160101000528,H0003,3,0,F,N,130,C04
20160101000524,K0010,1,0,F,N,38,E08
20160101000526,B0005,0,0,L2,L,45,E01
20160101000530,D0001,1,0,R1,R,32,C08
20160101000528,C0004,2,0,R2,R,88,E03
20160101000526,F0007,1,0,R2,R,149,A10
20160101000526,T0008,3,0,F,N,36,A03
20160101000530,H0002,1,0,F,N,65,D06
20160101000526,D0009,4,0,F,N,65,B08
20160101000528,L0006,0,1,R1,R,12,D10
20160101000530,H0003,1,0,F,N,135,C10
20160101000526,K0010,2,0,F,N,48,E06
20160101000528,B0005,1,0,L3,L,50,E04
20160101000532,D0001,0,0,R3,R,9,C10
20160101000530,C0004,3,0,F,L,32,E09
20160101000528,F0007,1,0,F,N,154,A03
20160101000528,T0008,2,0,F,N,46,A08
20160101000532,H0002,5,0,F,N,90,D02
20160101000528,D0009,0,0,L3,L,19,B08
20160101000530,L0006,3,0,L3,L,27,D04
20160101000532,H0003,1,0,L3,L,140,C03
20160101000528,K0010,2,0,F,N,17,E02
20160101000530,B0005,1,0,F,N,55,E08
20160101000534,D0001,1,0,F,N,14,C10
20160101000532,C0004,1,0,R2,N,37,E08
20160101000530,T0008,2,0,L3,L,56,A05
20160101000530,F0007,2,0,F,N,164,A02
20160101000530,D0009,0,0,F,N,19,B04
20160101000534,H0002,0,0,F,N,90,D10
20160101000534,H0003,1,0,F,N,43,C07
20160101000532,L0006,3,0,F,N,42,D06
20160101000530,K0010,5,0,L1,L,42,E10
20160101000532,B0005,3,0,R3,R,70,E09
20160101000536,D0001,1,0,F,N,19,C03
20160101000534,C0004,0,2,R3,L,27,E06
20160101000532,T0008,1,0,L1,L,61,A01
20160101000532,F0007,0,2,R1,R,144,A10
20160101000536,H0002,1,0,R1,R,95,D04
20160101000532,D0009,1,0,F,N,24,B02
20160101000534,L0006,1,0,F,N,47,D04
20160101000536,H0003,0,2,F,N,23,C03
20160101000532,K0010,2,0,F,N,15,E08
20160101000534,B0005,1,0,R2,R,75,E04
20160101000538,D0001,0,2,F,N,0,C07
20160101000536,C0004,3,0,F,N,47,E03
20160101000534,T0008,3,0,F,N,76,A06
20160101000534,F0007,1,0,F,N,149,A05
20160101000538,H0002,3,0,F,N,110,D06
20160101000534,D0009,5,0,R2,R,49,B06
20160101000536,L0006,0,0,F,N,14,D10
20160101000538,H0003,2,0,F,N,33,C09
20160101000534,K0010,3,0,R1,R,30,E10
20160101000536,B0005,4,0,L1,L,95,E06
20160101000540,D0001,0,0,F,N,0,C01
20160101000538,C0004,0,2,F,N,37,E01
20160101000536,T0008,3,0,F,N,91,A04
20160101000536,F0007,4,0,F,N,169,A04
20160101000540,H0002,1,0,F,N,115,D06
20160101000536,D0009,3,0,F,N,64,B01
20160101000538,L0006,0,1,R2,R,4,D06
20160101000540,H0003,0,0,F,N,33,C02
20160101000536,K0010,1,0,R3,R,35,E09
20160101000538,B0005,2,0,F,N,105,E07
20160101000542,D0001,3,0,F,N,15,C02
20160101000540,C0004,0,0,F,N,37,E01
20160101000538,F0007,3,0,F,N,55,A09
20160101000538,T0008,0,2,F,N,71,A09
20160101000538,D0009,0,0,R2,R,64,B04
20160101000542,H0002,3,0,F,N,130,D01
20160101000542,H0003,1,0,L3,L,38,C03
20160101000540,L0006,0,1,F,N,0,D10
20160101000538,K0010,3,0,F,N,50,E02
20160101000540,B0005,1,0,F,N,110,E01
20160101000544,D0001,1,0,F,N,20,C04
20160101000542,C0004,3,0,R1,N,57,E04
20160101000540,T0008,1,0,F,N,76,A10
20160101000540,F0007,0,1,F,N,6,A01
20160101000544,H0002,1,0,F,N,40,D08
20160101000540,D0009,0,1,L3,L,54,B07
20160101000544,H0003,1,0,L2,L,12,C04
20160101000542,L0006,3,0,F,N,15,D10
20160101000540,K0010,2,0,L1,L,60,E07
20160101000542,B0005,1,0,L3,L,115,E07
20160101000546,D0001,0,0,F,N,20,C01
20160101000544,C0004,1,0,L1,N,62,E04
20160101000542,F0007,1,0,F,N,11,A05
20160101000542,T0008,1,0,L2,L,81,A06
20160101000542,D0009,5,0,F,N,23,B08
20160101000546,H0002,3,0,R3,R,55,D07
20160101000544,L0006,1,0,F,N,20,D01
20160101000546,H0003,0,0,F,N,12,C10
20160101000542,K0010,1,0,F,N,65,E03
20160101000544,B0005,1,0,F,N,120,E06
20160101000548,D0001,1,0,F,N,25,C06
20160101000546,C0004,0,2,F,L,8,E05
20160101000544,T0008,1,0,R1,R,86,A03
20160101000544,F0007,0,1,F,N,1,A10
20160101000548,H0002,3,0,F,N,70,D06
20160101000544,D0009,2,0,F,N,33,B04
20160101000548,H0003,2,0,F,N,22,C05
20160101000546,L0006,1,0,L2,L,25,D04
20160101000544,K0010,1,0,R3,R,70,E10
20160101000546,B0005,1,0,F,N,37,E06
20160101000550,D0001,4,0,F,N,45,C06
20160101000548,C0004,3,0,R2,N,28,E04
20160101000546,F0007,0,1,F,N,0,A04
20160101000546,T0008,0,3,F,N,56,A04
20160101000546,D0009,1,0,F,N,38,B03
20160101000550,H0002,3,0,L3,L,85,D06
20160101000548,L0006,1,0,R2,R,30,D08
20160101000550,H0003,0,1,L1,L,12,C10
20160101000546,K0010,1,0,F,N,75,E01
20160101000548,B0005,0,1,R1,R,27,E06
20160101000552,D0001,1,0,F,N,50,C04
20160101000550,C0004,4,0,F,N,58,E05
20160101000548,T0008,3,0,R3,R,71,A03
20160101000548,F0007,3,0,F,N,15,A09
20160101000552,H0002,5,0,F,N,110,D09
20160101000548,D0009,1,0,F,N,43,B10
20160101000552,H0003,1,0,F,N,5,C06
20160101000550,L0006,0,2,F,N,10,D08
20160101000548,K0010,0,1,F,N,65,E01
20160101000550,B0005,1,0,F,N,32,E07
20160101000554,D0001,0,0,F,N,50,C06
20160101000552,C0004,5,0,F,N,98,E04
20160101000550,F0007,3,0,F,N,30,A08
20160101000550,T0008,3,0,F,N,86,A01
20160101000550,D0009,0,0,L3,L,43,B04
20160101000554,H0002,0,1,R3,R,100,D09
20160101000552,L0006,3,0,F,N,25,D02
20160101000554,H0003,3,0,F,N,20,C03
20160101000550,K0010,0,2,F,N,45,E04
20160101000552,B0005,3,0,F,N,47,E03
20160101000556,D0001,4,0,F,N,70,C01
20160101000554,C0004,3,0,L3,N,118,E02
20160101000552,T0008,4,0,F,N,31,A02
20160101000552,F0007,3,0,F,N,13,A09
20160101000556,H0002,1,0,F,N,105,D01
20160101000552,D0009,0,1,R3,R,33,B06
20160101000556,H0003,0,0,F,N,20,C08
20160101000554,L0006,1,0,F,N,30,D04
20160101000552,K0010,0,0,F,N,13,E06
20160101000554,B0005,0,2,F,N,27,E10
20160101000558,D0001,1,0,R2,R,75,C05
20160101000556,C0004,1,0,L1,N,123,E10
20160101000554,T0008,1,0,F,N,36,A02
20160101000554,F0007,0,1,F,N,3,A07
20160101000558,H0002,0,1,F,N,95,D08
20160101000554,D0009,1,0,F,N,38,B02
20160101000558,H0003,0,0,R3,R,20,C09
20160101000556,L0006,1,0,R2,R,35,D05
20160101000554,K0010,1,0,R3,R,18,E02
20160101000556,B0005,0,2,F,N,0,E04
20160101000600,D0001,3,0,R3,R,90,C10
20160101000558,C0004,4,0,F,N,153,E02
20160101000556,T0008,1,0,F,N,41,A07
20160101000556,F0007,0,2,F,N,0,A07
20160101000600,H0002,1,0,F,N,100,D04
20160101000556,D0009,1,0,R2,R,12,B09
20160101000600,H0003,0,0,F,N,20,C03
20160101000558,L0006,0,0,F,N,35,D06
20160101000556,K0010,3,0,F,N,33,E01
20160101000558,B0005,1,0,F,N,5,E08
20160101000602,D0001,5,0,R3,R,115,C05
20160101000600,C0004,0,3,L1,R,133,E08
20160101000558,T0008,0,1,F,N,31,A04
20160101000558,F0007,3,0,F,N,4,A05
20160101000602,H0002,2,0,F,N,33,D05
20160101000558,D0009,1,0,F,N,17,B08
20160101000602,H0003,0,1,F,N,10,C07
20160101000600,L0006,1,0,F,N,40,D06
20160101000558,K0010,0,2,F,N,13,E08
20160101000600,B0005,1,0,F,N,10,E09
20160101000604,D0001,3,0,R1,R,39,C08
20160101000602,C0004,1,0,F,R,138,E06
20160101000600,T0008,3,0,L1,L,46,A06
20160101000600,F0007,0,0,R2,R,4,A03
20160101000604,H0002,0,0,F,N,33,D03
20160101000600,D0009,0,1,L1,L,7,B07
20160101000604,H0003,0,1,F,N,0,C04
20160101000602,L0006,0,0,F,N,40,D08
20160101000600,K0010,0,0,F,N,13,E06
20160101000602,B0005,1,0,R1,R,15,E06
20160101000606,D0001,3,0,L1,L,54,C05
20160101000604,C0004,3,0,F,N,158,E04
20160101000602,F0007,1,0,L2,L,9,A02
20160101000602,T0008,0,1,L1,L,36,A09
20160101000602,D0009,1,0,F,N,12,B08
20160101000606,H0002,3,0,R1,R,48,D10
20160101000604,L0006,5,0,L2,L,65,D04
20160101000606,H0003,1,0,R1,R,5,C05
20160101000602,K0010,1,0,F,N,18,E09
20160101000604,B0005,3,0,L2,L,30,E08
20160101000608,D0001,1,0,R1,R,59,C04
20160101000606,C0004,3,0,F,N,178,E01
20160101000604,T0008,0,0,F,N,10,A06
20160101000604,F0007,1,0,L2,L,4,A01
20160101000608,H0002,3,0,F,N,63,D04
20160101000604,D0009,2,0,F,N,22,B10
20160101000608,H0003,0,1,L1,L,0,C02
20160101000606,L0006,2,0,F,N,75,D03
20160101000604,K0010,3,0,F,N,33,E02
20160101000606,B0005,2,0,L3,L,40,E02
20160101000610,D0001,1,0,F,N,64,C01
20160101000608,C0004,3,0,F,N,198,E02
20160101000606,F0007,0,1,L3,L,0,A10
20160101000606,T0008,0,0,F,N,3,A10
20160101000610,H0002,0,0,F,N,63,D02
20160101000606,D0009,2,0,F,N,32,B08
20160101000610,H0003,0,1,F,N,0,C08
20160101000608,L0006,0,1,F,N,65,D07
20160101000606,K0010,3,0,R1,R,48,E06
20160101000608,B0005,0,2,F,N,20,E06
20160101000612,D0001,1,0,R2,R,69,C03
20160101000610,C0004,3,0,F,N,218,E05
20160101000608,T0008,0,0,F,N,0,A04
20160101000608,F0007,2,0,F,N,10,A02
20160101000612,H0002,1,0,F,N,68,D03
20160101000608,D0009,0,1,F,N,22,B03
20160101000610,L0006,1,0,R2,R,70,D03
20160101000612,H0003,0,0,F,N,0,C09
20160101000608,K0010,1,0,F,N,53,E06
20160101000610,B0005,3,0,R1,R,35,E10
20160101000614,D0001,2,0,F,N,79,C03
20160101000612,C0004,3,0,F,N,238,E01
20160101000610,F0007,0,1,F,N,0,A09
20160101000610,T0008,3,0,F,N,15,A06
20160101000614,H0002,0,0,F,N,68,D01
20160101000610,D0009,0,2,F,N,2,B04
20160101000612,L0006,3,0,F,N,85,D05
20160101000614,H0003,1,0,F,N,1,C02
20160101000610,K0010,0,0,F,N,53,E08
20160101000612,B0005,3,0,L1,L,50,E02
20160101000616,D0001,1,0,F,N,84,C06
20160101000614,C0004,3,0,R3,N,250,E05
20160101000612,T0008,0,2,R3,R,0,A06
20160101000612,F0007,3,0,R2,R,15,A09
20160101000612,D0009,1,0,F,N,7,B07
20160101000616,H0002,1,0,F,N,73,D06
20160101000616,H0003,1,0,R3,R,6,C07
20160101000614,L0006,3,0,F,N,100,D04
20160101000612,K0010,1,0,F,N,58,E07
20160101000614,B0005,2,0,L1,L,60,E02
20160101000618,D0001,0,0,L2,L,84,C05
20160101000616,C0004,0,3,F,N,230,E06
20160101000614,T0008,3,0,R1,R,15,A09
20160101000614,F0007,5,0,F,N,40,A03
20160101000614,D0009,0,0,F,N,7,B02
20160101000618,H0002,0,1,R3,R,63,D04
20160101000616,L0006,2,0,F,N,110,D09
20160101000618,H0003,0,1,F,N,0,C03
20160101000614,K0010,2,0,R1,R,68,E05
20160101000616,B0005,3,0,F,N,75,E05
20160101000620,D0001,1,0,F,N,89,C04
20160101000618,C0004,5,0,R2,N,250,E04
20160101000616,T0008,0,3,F,N,0,A09
20160101000616,F0007,0,0,F,N,40,A01
20160101000616,D0009,1,0,R1,R,12,B06
20160101000620,H0002,0,2,R3,R,43,D04
20160101000618,L0006,0,1,L2,L,100,D07
20160101000620,H0003,0,0,R3,R,0,C05
20160101000616,K0010,5,0,R2,R,27,E08
20160101000618,B0005,3,0,F,N,90,E06
20160101000622,D0001,0,0,F,N,26,C10
20160101000620,C0004,3,0,F,N,75,E08
20160101000618,T0008,2,0,L1,L,10,A07
20160101000618,F0007,0,1,F,N,30,A08
20160101000618,D0009,1,0,F,N,17,B08
20160101000622,H0002,3,0,R1,R,58,D08
20160101000620,L0006,3,0,F,N,115,D08
20160101000622,H0003,3,0,L2,L,15,C03
20160101000618,K0010,1,0,F,N,32,E09
20160101000620,B0005,0,1,F,N,80,E02
20160101000624,D0001,0,1,L2,L,16,C03
20160101000622,C0004,1,0,F,N,24,E06
20160101000620,T0008,3,0,F,N,25,A02
20160101000620,F0007,1,0,F,N,35,A09
20160101000620,D0009,2,0,L1,L,27,B08
20160101000624,H0002,2,0,F,N,20,D01
20160101000624,H0003,3,0,F,N,9,C05
20160101000622,L0006,3,0,F,N,130,D03
20160101000620,K0010,0,2,R3,R,12,E10
20160101000622,B0005,3,0,F,N,95,E02
20160101000626,D0001,1,0,F,N,21,C09
20160101000624,C0004,2,0,R2,N,34,E08
20160101000622,F0007,0,1,F,N,25,A07
20160101000622,T0008,2,0,F,N,35,A06
20160101000626,H0002,0,1,L2,L,10,D01
20160101000622,D0009,3,0,F,N,42,B10
20160101000626,H0003,1,0,F,N,4,C08
20160101000624,L0006,1,0,F,N,135,D10
20160101000622,K0010,0,1,F,N,2,E08
20160101000624,B0005,1,0,F,N,100,E03
20160101000628,D0001,0,2,F,N,1,C09
20160101000626,C0004,0,0,F,N,34,E02
20160101000624,F0007,0,0,F,N,25,A04
20160101000624,T0008,0,1,F,N,25,A05
20160101000624,D0009,1,0,F,N,47,B04
20160101000628,H0002,5,0,F,N,35,D02
20160101000626,L0006,5,0,R2,R,160,D03
20160101000628,H0003,0,1,F,N,0,C02
20160101000624,K0010,0,1,F,N,0,E08
20160101000626,B0005,5,0,F,N,37,E02
20160101000630,D0001,3,0,F,N,16,C03
20160101000628,C0004,3,0,L1,N,54,E10
20160101000626,F0007,1,0,F,N,30,A07
20160101000626,T0008,0,1,F,N,15,A06
20160101000630,H0002,0,0,R3,R,35,D04
20160101000626,D0009,3,0,L3,L,18,B03
20160101000630,H0003,1,0,F,N,5,C09
20160101000628,L0006,3,0,F,N,175,D10
20160101000626,K0010,1,0,F,N,5,E03
20160101000628,B0005,3,0,R1,R,52,E03
20160101000632,D0001,0,1,L1,L,0,C06
20160101000628,T0008,3,0,F,N,30,A05
20160101000628,F0007,1,0,R2,R,10,A01
20160101000630,C0004,4,0,F,N,84,E07
20160101000628,D0009,1,0,F,N,23,B02
20160101000632,H0002,1,0,F,N,40,D02
20160101000630,L0006,0,0,R1,R,175,D08
20160101000632,H0003,3,0,F,N,20,C05
20160101000628,K0010,1,0,F,N,3,E10
20160101000630,B0005,0,2,F,N,32,E09
20160101000634,D0001,3,0,L2,L,15,C10
20160101000630,F0007,1,0,F,N,15,A01
20160101000630,T0008,0,1,F,N,20,A05
20160101000632,C0004,1,0,R1,R,89,E06
20160101000634,H0002,3,0,F,N,55,D09
20160101000630,D0009,0,1,R3,R,13,B05
20160101000634,H0003,1,0,F,N,25,C04
20160101000632,L0006,1,0,R1,R,180,D06
20160101000630,K0010,0,2,F,N,0,E05
20160101000632,B0005,3,0,L3,L,14,E05
20160101000636,D0001,2,0,F,N,25,C05
20160101000632,F0007,3,0,F,N,30,A08
20160101000632,T0008,0,1,F,N,10,A03
20160101000634,C0004,3,0,F,L,109,E09
20160101000632,D0009,1,0,F,N,18,B05
20160101000636,H0002,2,0,F,N,65,D09
20160101000634,L0006,1,0,L3,L,55,D07
20160101000636,H0003,1,0,F,N,30,C08
20160101000632,K0010,3,0,F,N,15,E01
20160101000634,B0005,0,3,R1,R,0,E01
20160101000638,D0001,3,0,F,N,40,C09
20160101000634,T0008,0,2,F,N,0,A06
20160101000634,F0007,3,0,L3,L,45,A02
20160101000636,C0004,0,2,F,N,99,E02
20160101000638,H0002,1,0,F,N,70,D02
20160101000634,D0009,0,0,F,N,5,B09
20160101000638,H0003,1,0,L2,L,35,C03
20160101000636,L0006,0,0,F,N,55,D10
20160101000634,K0010,0,0,F,N,4,E06
20160101000636,B0005,1,0,F,N,5,E07
20160101000640,D0001,2,0,F,N,15,C04
20160101000636,F0007,5,0,F,N,70,A10
20160101000636,T0008,3,0,F,N,15,A09
20160101000638,C0004,0,0,R3,N,99,E06
20160101000640,H0002,0,1,L2,L,60,D10
20160101000636,D0009,0,3,F,N,0,B10
20160101000640,H0003,4,0,F,N,55,C04
20160101000638,L0006,1,0,F,N,18,D05
20160101000636,K0010,1,0,L1,L,9,E06
20160101000638,B0005,2,0,R3,R,4,E07
20160101000642,D0001,3,0,L3,L,30,C09
20160101000638,F0007,1,0,F,N,75,A07
20160101000638,T0008,1,0,R2,R,20,A01
20160101000640,C0004,4,0,R2,L,129,E02
20160101000642,H0002,1,0,F,N,65,D05
20160101000638,D0009,0,1,F,N,0,B06
20160101000642,H0003,2,0,F,N,65,C01
20160101000640,L0006,0,0,F,N,5,D05
20160101000638,K0010,0,1,L1,L,0,E03
20160101000640,B0005,5,0,R2,R,29,E07
20160101000644,D0001,0,2,F,N,10,C07
20160101000640,F0007,1,0,F,N,80,A07
20160101000640,T0008,3,0,F,N,10,A10
20160101000642,C0004,3,0,F,L,149,E09
20160101000644,H0002,4,0,F,N,85,D04
20160101000640,D0009,0,2,F,N,0,B09
20160101000644,H0003,3,0,L2,L,80,C01
20160101000642,L0006,1,0,F,N,10,D01
20160101000640,K0010,0,1,R3,R,0,E10
20160101000642,B0005,1,0,F,N,34,E04
20160101000646,D0001,1,0,F,N,15,C01
20160101000642,T0008,1,0,F,N,15,A04
20160101000644,C0004,5,0,F,N,189,E02
20160101000642,F0007,0,1,F,N,70,A09
20160101000642,D0009,1,0,F,N,5,B04
20160101000646,H0002,5,0,F,N,110,D09
20160101000644,L0006,0,3,F,N,0,D07
20160101000646,H0003,0,1,F,N,70,C03
20160101000642,K0010,1,0,L1,L,5,E01
20160101000644,B0005,3,0,F,N,49,E06
20160101000648,D0001,1,0,F,N,20,C08
20160101000646,C0004,0,2,F,N,179,E04
20160101000644,F0007,4,0,F,N,27,A08
20160101000644,T0008,1,0,F,N,20,A01
20160101000648,H0002,0,1,L2,L,100,D04
20160101000644,D0009,5,0,F,N,30,B06
20160101000646,L0006,0,0,F,N,0,D06
20160101000648,H0003,2,0,R2,R,80,C03
20160101000644,K0010,1,0,F,N,10,E02
20160101000646,B0005,0,3,F,N,19,E03
20160101000650,D0001,0,2,R3,R,0,C08
20160101000648,C0004,1,0,L3,N,184,E10
20160101000646,T0008,1,0,F,N,25,A03
20160101000646,F0007,1,0,L2,L,32,A07
20160101000650,H0002,0,3,F,N,0,D08
20160101000646,D0009,3,0,F,N,45,B02
20160101000650,H0003,1,0,R3,R,25,C02
20160101000648,L0006,3,0,F,N,15,D03
20160101000646,K0010,3,0,F,N,25,E02
20160101000648,B0005,3,0,R2,R,34,E07
20160101000652,D0001,1,0,R1,R,5,C02
20160101000648,F0007,0,2,R1,R,12,A10
20160101000648,T0008,1,0,F,N,30,A07
20160101000650,C0004,1,0,F,L,189,E09
20160101000648,D0009,1,0,F,N,50,B05
20160101000652,H0002,1,0,R1,R,5,D10
20160101000652,H0003,0,1,F,N,15,C03
20160101000650,L0006,0,0,F,N,15,D06
20160101000648,K0010,0,2,F,N,5,E07
20160101000650,B0005,0,0,F,N,10,E03
20160101000654,D0001,0,0,F,N,5,C03
20160101000650,T0008,0,1,R2,R,20,A04
20160101000652,C0004,1,0,R3,L,194,E10
20160101000650,F0007,0,2,F,N,0,A05
20160101000650,D0009,3,0,F,N,65,B07
20160101000654,H0002,2,0,F,N,4,D06
20160101000652,L0006,1,0,F,N,20,D06
20160101000654,H0003,5,0,R3,R,40,C01
20160101000650,K0010,1,0,F,N,10,E01
20160101000652,B0005,2,0,F,N,20,E09
20160101000656,D0001,3,0,F,N,20,C07
20160101000654,C0004,2,0,L1,N,204,E09
20160101000652,F0007,5,0,F,N,25,A10
20160101000652,T0008,1,0,F,N,25,A08
20160101000656,H0002,1,0,L2,L,9,D05
20160101000652,D0009,1,0,F,N,70,B07
20160101000654,L0006,3,0,F,N,35,D09
20160101000656,H0003,0,1,F,N,2,C05
20160101000652,K0010,0,1,F,N,0,E08
20160101000654,B0005,1,0,F,N,25,E09
20160101000658,D0001,1,0,F,N,25,C01
20160101000654,F0007,3,0,L3,L,40,A04
20160101000654,T0008,2,0,F,N,35,A04
20160101000656,C0004,3,0,F,N,224,E04
20160101000654,D0009,1,0,F,N,75,B04
20160101000658,H0002,3,0,F,N,24,D09
20160101000658,H0003,1,0,L1,L,7,C04
20160101000656,L0006,0,1,F,N,25,D03
20160101000654,K0010,0,1,R2,R,0,E07
20160101000656,B0005,2,0,F,N,35,E08
20160101000700,D0001,2,0,F,N,35,C02
20160101000656,T0008,3,0,F,N,50,A04
20160101000658,C0004,4,0,F,N,75,E06
20160101000656,F0007,1,0,F,N,45,A04
20160101000700,H0002,3,0,R2,R,39,D03
20160101000656,D0009,2,0,F,N,85,B07
20160101000658,L0006,5,0,L3,L,50,D10
20160101000700,H0003,3,0,L2,L,22,C03
20160101000656,K0010,3,0,F,N,15,E07
20160101000658,B0005,1,0,F,N,40,E10
20160101000702,D0001,1,0,F,N,40,C09
20160101000658,T0008,4,0,F,N,70,A06
20160101000700,C0004,1,0,F,N,80,E09
20160101000658,F0007,5,0,F,N,21,A08
20160101000702,H0002,1,0,F,N,13,D02
20160101000658,D0009,3,0,F,N,100,B10
20160101000700,L0006,1,0,L1,L,55,D02
20160101000702,H0003,4,0,F,N,12,C04
20160101000658,K0010,1,0,F,N,20,E04
20160101000700,B0005,1,0,F,N,45,E09
20160101000704,D0001,3,0,F,N,55,C10
20160101000700,F0007,3,0,F,N,36,A06
20160101000702,C0004,4,0,F,R,110,E08
20160101000700,T0008,1,0,F,N,75,A07
20160101000700,D0009,1,0,R3,R,105,B01
20160101000704,H0002,0,3,L3,L,0,D10
20160101000704,H0003,0,1,F,N,2,C04
20160101000702,L0006,1,0,F,N,60,D10
20160101000700,K0010,1,0,F,N,25,E01
20160101000702,B0005,4,0,R1,R,65,E09
20160101000706,D0001,0,0,F,N,55,C08
20160101000704,C0004,2,0,L3,N,120,E08
20160101000702,F0007,4,0,F,N,56,A01
20160101000702,T0008,1,0,F,N,80,A08
20160101000706,H0002,5,0,F,N,25,D08
20160101000702,D0009,0,2,F,N,85,B04
20160101000704,L0006,3,0,L2,L,75,D08
20160101000706,H0003,1,0,F,N,7,C08
20160101000702,K0010,2,0,R1,R,35,E03
20160101000704,B0005,3,0,L1,L,80,E02
20160101000708,D0001,0,2,F,N,35,C09
20160101000704,F0007,0,1,R3,R,46,A03
20160101000704,T0008,3,0,F,N,95,A10
20160101000706,C0004,5,0,L3,N,160,E07
20160101000704,D0009,3,0,F,N,100,B01
20160101000708,H0002,3,0,F,N,40,D09
20160101000708,H0003,2,0,F,N,17,C05
20160101000706,L0006,1,0,L1,L,80,D08
20160101000704,K0010,1,0,F,N,12,E05
20160101000706,B0005,2,0,F,N,90,E08
20160101000710,D0001,2,0,F,N,45,C01
20160101000706,T0008,3,0,F,N,110,A07
20160101000708,C0004,5,0,R2,N,200,E08
20160101000706,F0007,3,0,F,N,61,A09
20160101000710,H0002,3,0,F,N,55,D05
20160101000706,D0009,2,0,R2,R,33,B01
20160101000710,H0003,1,0,F,N,22,C05
20160101000708,L0006,1,0,F,N,85,D05
20160101000706,K0010,0,1,F,N,2,E06
20160101000708,B0005,5,0,F,N,115,E02
20160101000712,D0001,0,1,F,N,35,C07
20160101000710,C0004,3,0,F,N,220,E03
20160101000708,T0008,2,0,L3,L,36,A02
20160101000708,F0007,4,0,F,N,81,A09
20160101000708,D0009,2,0,F,N,43,B04
20160101000712,H0002,5,0,L2,L,80,D05
20160101000710,L0006,0,1,F,N,75,D10
20160101000712,H0003,0,1,R1,R,12,C01
20160101000708,K0010,2,0,F,N,12,E10
20160101000710,B0005,3,0,R3,R,130,E08
20160101000714,D0001,4,0,F,N,55,C03
20160101000710,T0008,3,0,F,N,51,A04
20160101000710,F0007,3,0,F,N,96,A05
20160101000712,C0004,0,2,R2,R,210,E05
20160101000714,H0002,0,1,F,N,70,D05
20160101000710,D0009,1,0,R2,R,48,B08
20160101000712,L0006,3,0,F,N,90,D02
20160101000714,H0003,1,0,F,N,17,C06
20160101000710,K0010,0,1,F,N,2,E08
20160101000712,B0005,0,1,L1,L,120,E02
20160101000716,D0001,2,0,F,N,65,C07
20160101000712,F0007,1,0,F,N,101,A02
20160101000714,C0004,2,0,L3,N,220,E01
20160101000712,T0008,0,0,F,N,51,A05
20160101000712,D0009,2,0,F,N,58,B10
20160101000716,H0002,1,0,F,N,75,D08
20160101000716,H0003,0,1,F,N,7,C10
20160101000714,L0006,2,0,F,N,100,D02
20160101000712,K0010,1,0,F,N,7,E10
20160101000714,B0005,2,0,F,N,130,E07
20160101000718,D0001,0,1,F,N,55,C10
20160101000716,C0004,4,0,L3,N,75,E05
20160101000714,T0008,0,1,F,N,5,A05
20160101000714,F0007,0,1,F,N,91,A02
20160101000718,H0002,2,0,L1,L,85,D05
20160101000714,D0009,3,0,R2,R,73,B06
20160101000718,H0003,0,1,R3,R,0,C03
20160101000716,L0006,4,0,F,N,36,D06
20160101000714,K0010,0,1,F,N,0,E07
20160101000716,B0005,1,0,F,N,135,E08
20160101000720,D0001,0,1,F,N,45,C04
20160101000716,T0008,1,0,F,N,10,A06
20160101000716,F0007,1,0,F,N,96,A07
20160101000718,C0004,3,0,F,L,95,E01
20160101000716,D0009,1,0,F,N,78,B09
20160101000720,H0002,4,0,F,N,105,D08
20160101000718,L0006,0,2,F,N,16,D07
20160101000720,H0003,0,2,F,N,0,C03
20160101000716,K0010,1,0,F,N,5,E02
20160101000718,B0005,0,1,F,N,125,E04
20160101000722,D0001,0,1,F,N,35,C03
20160101000718,T0008,4,0,F,N,30,A05
20160101000718,F0007,1,0,R2,R,30,A04
20160101000720,C0004,4,0,R1,L,125,E03
20160101000718,D0009,3,0,F,N,93,B03
20160101000722,H0002,0,0,F,N,105,D08
20160101000720,L0006,1,0,F,N,6,D02
20160101000722,H0003,1,0,R1,R,5,C10
20160101000718,K0010,3,0,L2,L,6,E02
20160101000720,B0005,0,0,F,N,125,E08
20160101000724,D0001,1,0,F,N,40,C04
20160101000720,F0007,0,2,F,N,10,A03
20160101000722,C0004,4,0,L3,N,155,E04
20160101000720,T0008,1,0,F,N,35,A04
20160101000724,H0002,3,0,F,N,120,D08
20160101000720,D0009,1,0,L1,L,98,B01
20160101000724,H0003,1,0,F,N,10,C10
20160101000722,L0006,0,0,F,N,6,D03
20160101000720,K0010,0,0,L2,L,6,E07
20160101000722,B0005,0,0,F,N,125,E07
20160101000726,D0001,2,0,F,N,50,C08
20160101000724,C0004,5,0,F,N,195,E06
20160101000722,F0007,0,0,F,N,10,A08
20160101000722,T0008,1,0,F,N,40,A04
20160101000722,D0009,1,0,R3,R,103,B06
20160101000726,H0002,0,2,F,N,100,D05
20160101000726,H0003,4,0,L1,L,30,C06
20160101000724,L0006,1,0,F,N,11,D10
20160101000722,K0010,3,0,F,N,21,E03
20160101000724,B0005,1,0,L3,L,130,E05
20160101000728,D0001,1,0,F,N,55,C07
20160101000726,C0004,3,0,L3,N,215,E03
20160101000724,F0007,0,0,L1,L,10,A02
20160101000724,T0008,1,0,L2,L,45,A07
20160101000728,H0002,1,0,F,N,105,D06
20160101000724,D0009,4,0,F,N,123,B02
20160101000726,L0006,1,0,F,N,16,D01
20160101000728,H0003,1,0,L2,L,35,C07
20160101000724,K0010,2,0,F,N,31,E03
20160101000726,B0005,1,0,F,N,135,E09
20160101000730,D0001,0,2,F,N,35,C09
20160101000726,F0007,0,1,F,N,0,A06
20160101000726,T0008,1,0,F,N,50,A09
20160101000728,C0004,0,0,F,L,215,E03
20160101000726,D0009,3,0,F,N,138,B09
20160101000730,H0002,0,0,F,N,105,D02
20160101000730,H0003,1,0,F,N,40,C10
20160101000728,L0006,2,0,F,N,26,D02
20160101000726,K0010,1,0,F,N,10,E08
20160101000728,B0005,1,0,F,N,140,E06
20160101000732,D0001,1,0,R2,R,12,C08
20160101000728,T0008,1,0,R1,R,55,A05
20160101000730,C0004,5,0,L2,L,250,E03
20160101000728,F0007,1,0,F,N,1,A03
20160101000732,H0002,1,0,F,N,110,D03
20160101000728,D0009,0,0,F,N,138,B05
20160101000730,L0006,1,0,F,N,31,D03
20160101000732,H0003,0,1,F,N,30,C10
20160101000728,K0010,0,2,F,N,0,E07
20160101000730,B0005,0,2,R3,R,120,E05
20160101000734,D0001,0,1,R3,R,2,C10
20160101000730,T0008,1,0,L2,L,60,A03
20160101000730,F0007,3,0,R2,R,16,A03
20160101000732,C0004,1,0,F,N,250,E09
20160101000734,H0002,3,0,R2,R,125,D06
20160101000730,D0009,0,2,F,N,118,B07
20160101000734,H0003,0,2,F,N,10,C04
20160101000732,L0006,1,0,R2,R,36,D06
20160101000730,K0010,4,0,F,N,20,E07
20160101000732,B0005,2,0,F,N,130,E01
20160101000736,D0001,2,0,L2,L,12,C01
20160101000732,F0007,0,0,F,N,16,A05
20160101000734,C0004,3,0,R2,R,250,E09
20160101000732,T0008,3,0,F,N,75,A07
20160101000732,D0009,1,0,F,N,123,B04
20160101000736,H0002,0,0,F,N,125,D10
20160101000734,L0006,2,0,L2,L,46,D02
20160101000736,H0003,0,3,R2,R,0,C09
20160101000732,K0010,3,0,L3,L,35,E08
20160101000734,B0005,0,2,F,N,110,E08
20160101000738,D0001,1,0,F,N,17,C09
20160101000736,C0004,2,0,R1,N,250,E03
20160101000734,F0007,1,0,F,N,21,A10
20160101000734,T0008,1,0,F,N,80,A07
20160101000738,H0002,5,0,F,N,150,D01
20160101000734,D0009,2,0,L1,L,133,B04
20160101000738,H0003,1,0,F,N,5,C05
20160101000736,L0006,1,0,L1,L,51,D04
20160101000734,K0010,3,0,F,N,50,E09
20160101000736,B0005,1,0,F,N,115,E02
20160101000740,D0001,1,0,L3,L,22,C09
20160101000736,F0007,5,0,F,N,46,A05
20160101000736,T0008,3,0,F,N,95,A01
20160101000738,C0004,5,0,R2,N,250,E04
20160101000736,D0009,1,0,F,N,138,B06
20160101000740,H0002,2,0,R2,R,160,D10
20160101000738,L0006,0,1,F,N,41,D10
20160101000740,H0003,2,0,F,N,15,C07
20160101000736,K0010,0,1,F,N,40,E07
20160101000738,B0005,0,0,F,N,115,E03
20160101000742,D0001,1,0,R2,R,27,C08
20160101000738,F0007,3,0,F,N,61,A09
20160101000738,T0008,3,0,F,N,110,A04
20160101000740,C0004,1,0,R3,N,75,E06
20160101000738,D0009,3,0,F,N,153,B07
20160101000742,H0002,1,0,R3,R,165,D03
20160101000740,L0006,0,2,F,N,21,D10
20160101000742,H0003,3,0,F,N,30,C07
20160101000738,K0010,0,1,F,N,30,E05
20160101000740,B0005,1,0,F,N,120,E05
20160101000744,D0001,5,0,F,N,52,C01
20160101000740,F0007,3,0,F,N,76,A03
20160101000740,T0008,4,0,F,N,130,A02
20160101000742,C0004,3,0,R3,L,95,E04
20160101000740,D0009,3,0,F,N,168,B05
20160101000744,H0002,3,0,R3,R,180,D09
20160101000744,H0003,5,0,F,N,55,C01
20160101000742,L0006,4,0,R3,R,41,D04
20160101000740,K0010,0,1,F,N,20,E08
20160101000742,B0005,0,2,F,N,100,E08
20160101000746,D0001,0,1,F,N,42,C04
20160101000744,C0004,1,0,F,R,100,E09
20160101000742,T0008,0,1,F,N,120,A09
20160101000742,F0007,1,0,F,N,81,A09
20160101000746,H0002,3,0,F,N,195,D10
20160101000742,D0009,0,3,L2,L,138,B04
20160101000746,H0003,2,0,R2,R,65,C02
20160101000744,L0006,1,0,F,N,46,D10
20160101000742,K0010,0,0,L1,L,20,E07
20160101000744,B0005,3,0,L3,L,115,E09
20160101000748,D0001,2,0,F,N,15,C03
20160101000744,T0008,0,1,F,N,26,A09
20160101000746,C0004,3,0,F,R,120,E09
20160101000744,F0007,3,0,F,N,96,A06
20160101000744,D0009,3,0,F,N,153,B03
20160101000748,H0002,1,0,F,N,200,D05
20160101000746,L0006,1,0,L3,L,51,D04
20160101000748,H0003,1,0,F,N,70,C07
20160101000744,K0010,3,0,L3,L,35,E06
20160101000746,B0005,1,0,F,N,120,E01
20160101000750,D0001,0,0,F,N,4,C08
20160101000748,C0004,4,0,L2,N,150,E08
20160101000746,F0007,3,0,F,N,111,A09
20160101000746,T0008,0,1,R2,R,16,A09
20160101000750,H0002,0,1,F,N,190,D03
20160101000746,D0009,1,0,L2,L,158,B10
20160101000750,H0003,3,0,F,N,85,C10
20160101000748,L0006,2,0,F,N,61,D07
20160101000746,K0010,0,0,F,N,35,E09
20160101000748,B0005,3,0,F,N,135,E06
20160101000752,D0001,2,0,F,N,14,C05
20160101000748,F0007,0,0,F,N,111,A07
20160101000748,T0008,2,0,F,N,26,A07
20160101000750,C0004,4,0,F,N,180,E10
20160101000748,D0009,0,0,F,N,158,B10
20160101000752,H0002,2,0,F,N,200,D03
20160101000750,L0006,2,0,F,N,71,D07
20160101000752,H0003,1,0,F,N,90,C06
20160101000748,K0010,2,0,F,N,45,E03
20160101000750,B0005,3,0,F,N,150,E07
20160101000754,D0001,0,1,L2,L,4,C06
20160101000750,T0008,2,0,R2,R,36,A10
20160101000750,F0007,0,2,R3,R,91,A09
20160101000752,C0004,4,0,R3,N,210,E03
20160101000750,D0009,1,0,F,N,48,B03
20160101000754,H0002,0,1,F,N,190,D06
20160101000754,H0003,1,0,F,N,95,C06
20160101000752,L0006,0,0,F,N,71,D06
20160101000750,K0010,3,0,F,N,60,E07
20160101000752,B0005,1,0,F,N,155,E05
20160101000756,D0001,0,1,F,N,0,C05
20160101000752,F0007,1,0,F,N,96,A01
20160101000754,C0004,2,0,F,N,220,E05
20160101000752,T0008,5,0,F,N,61,A02
20160101000756,H0002,3,0,F,N,205,D05
20160101000752,D0009,3,0,F,N,63,B09
20160101000754,L0006,3,0,F,N,86,D02
20160101000756,H0003,5,0,L1,L,36,C08
20160101000752,K0010,1,0,R3,R,65,E01
20160101000754,B0005,3,0,F,N,170,E08
20160101000758,D0001,1,0,F,N,5,C06
20160101000756,C0004,5,0,F,R,250,E01
20160101000754,F0007,1,0,F,N,101,A04
20160101000754,D0009,3,0,R1,R,78,B02
20160101000758,H0002,0,0,F,N,61,D10
20160101000754,T0008,0,1,F,N,51,A09
20160101000756,L0006,1,0,F,N,91,D04
20160101000758,H0003,4,0,F,N,56,C03
20160101000754,K0010,0,1,R3,R,55,E03
20160101000756,B0005,0,1,F,N,160,E06
20160101000800,D0001,1,0,F,N,10,C08
20160101000758,C0004,1,0,L1,N,250,E08
20160101000756,F0007,5,0,F,N,126,A05
20160101000756,D0009,3,0,L2,L,27,B06
20160101000800,H0002,4,0,F,N,81,D02
20160101000756,T0008,1,0,F,N,56,A02
20160101000758,L0006,1,0,F,N,96,D01
20160101000800,H0003,2,0,R1,R,66,C04
20160101000756,K0010,0,0,F,N,55,E08
20160101000758,B0005,0,1,F,N,150,E10
20160101000802,D0001,0,0,F,N,10,C06
20160101000800,C0004,4,0,F,N,250,E07
20160101000758,F0007,0,2,F,N,106,A07
20160101000758,D0009,0,2,L2,L,7,B10
20160101000802,H0002,1,0,F,N,86,D08
20160101000758,T0008,5,0,F,N,81,A04
20160101000800,L0006,0,1,R1,R,86,D06
20160101000802,H0003,2,0,L2,L,76,C06
20160101000758,K0010,0,0,R2,R,55,E05
20160101000800,B0005,3,0,R3,R,165,E02
20160101000804,D0001,0,0,L3,L,3,C01
20160101000802,C0004,4,0,R3,N,250,E09
20160101000800,F0007,1,0,F,N,111,A10
20160101000800,D0009,3,0,F,N,22,B10
20160101000804,H0002,2,0,F,N,28,D01
20160101000800,T0008,3,0,F,N,96,A05
20160101000802,L0006,4,0,F,N,106,D04
20160101000804,H0003,3,0,R3,R,91,C02
20160101000800,K0010,3,0,F,N,70,E04
20160101000802,B0005,4,0,F,N,185,E10
20160101000806,D0001,0,0,F,N,3,C07
20160101000804,C0004,3,0,F,L,75,E04
20160101000802,F0007,1,0,F,N,116,A10
20160101000802,T0008,0,2,F,N,76,A01
20160101000806,H0002,4,0,F,N,48,D07
20160101000802,D0009,0,3,F,N,0,B02
20160101000806,H0003,0,2,F,N,71,C08
20160101000802,K0010,1,0,L2,L,75,E01
20160101000804,L0006,1,0,F,N,111,D08
20160101000804,B0005,3,0,F,N,200,E02
20160101000808,D0001,1,0,F,N,8,C03
20160101000806,C0004,0,3,R1,N,55,E05
20160101000804,F0007,1,0,F,N,121,A01
20160101000804,T0008,0,0,F,N,22,A05
20160101000808,H0002,5,0,F,N,73,D07
20160101000804,D0009,4,0,F,N,20,B03
20160101000808,H0003,5,0,L2,L,96,C05
20160101000806,L0006,1,0,F,N,116,D09
20160101000804,K0010,5,0,F,N,100,E10
20160101000806,B0005,3,0,L3,L,215,E06
20160101000810,D0001,5,0,F,N,9,C10
20160101000808,C0004,2,0,F,N,65,E05
20160101000806,F0007,3,0,F,N,136,A10
20160101000806,T0008,0,1,F,N,12,A09
20160101000806,D0009,3,0,F,N,35,B10
20160101000810,H0002,1,0,F,N,78,D03
20160101000810,H0003,3,0,F,N,111,C03
20160101000806,K0010,0,2,F,N,80,E09
20160101000808,L0006,4,0,F,N,136,D07
20160101000808,B0005,4,0,F,N,235,E06
20160101000812,D0001,4,0,F,N,29,C06
20160101000810,C0004,5,0,R1,N,105,E06
20160101000808,F0007,1,0,F,N,141,A09
20160101000808,T0008,2,0,F,N,22,A02
20160101000808,D0009,0,0,L3,L,35,B08
20160101000812,H0002,1,0,L2,L,83,D04
20160101000812,H0003,0,0,F,N,111,C05
20160101000808,K0010,0,1,R3,R,70,E10
20160101000810,L0006,3,0,F,N,151,D07
20160101000810,B0005,5,0,F,N,250,E06
20160101000814,D0001,1,0,F,N,10,C10
20160101000812,C0004,4,0,F,N,135,E04
20160101000810,F0007,2,0,F,N,151,A07
20160101000810,T0008,1,0,F,N,27,A10
20160101000810,D0009,1,0,F,N,12,B06
20160101000814,H0002,0,1,F,N,73,D05
